Market is open. Starting trading engine...
09:30:06 ET | Polling... | Prediction: Hold
Sleeping for 5.00 minutes...
09:35:07 ET | Polling... | Prediction: Sell
09:35:07 ET | SIGNAL: SELL | Submitting market order for 418 shares.
Sleeping for 5.00 minutes...
09:40:09 ET | EXIT: CONTRARY SIGNAL (BUY) | Submitting order to close -418 shares.
Sleeping for 5.00 minutes...
09:45:10 ET | Polling... | Prediction: Sell
09:45:10 ET | SIGNAL: SELL | Submitting market order for 418 shares.
Sleeping for 5.00 minutes...
09:50:12 ET | HOLDING  | Side: Sell, Qty:  -418, P/L:   -0.12%
Sleeping for 5.00 minutes...
09:55:13 ET | HOLDING  | Side: Sell, Qty:  -418, P/L:   -0.16%
Sleeping for 5.00 minutes...
10:00:14 ET | HOLDING  | Side: Sell, Qty:  -418, P/L:   -0.11%
Sleeping for 5.00 minutes...
10:05:15 ET | EXIT: CONTRARY SIGNAL (BUY) | Submitting order to close -418 shares.
Sleeping for 5.00 minutes...
10:10:17 ET | Polling... | Prediction: Sell
10:10:17 ET | SIGNAL: SELL | Submitting market order for 417 shares.
Sleeping for 5.00 minutes...
10:15:18 ET | HOLDING  | Side: Sell, Qty:  -417, P/L:   -0.02%
Sleeping for 5.00 minutes...
10:20:19 ET | EXIT: CONTRARY SIGNAL (BUY) | Submitting order to close -417 shares.
Sleeping for 5.00 minutes...
10:25:20 ET | Polling... | Prediction: Buy
10:25:20 ET | SIGNAL: BUY  | Submitting market order for 417 shares.
Sleeping for 5.00 minutes...
10:30:21 ET | EXIT: CONTRARY SIGNAL (SELL) | Submitting order to close 417 shares.
Sleeping for 5.00 minutes...
10:35:22 ET | Polling... | Prediction: Sell
10:35:22 ET | SIGNAL: SELL | Submitting market order for 417 shares.
Sleeping for 5.00 minutes...
10:40:23 ET | HOLDING  | Side: Sell, Qty:  -417, P/L:    0.06%
Sleeping for 5.00 minutes...
10:45:24 ET | HOLDING  | Side: Sell, Qty:  -417, P/L:    0.14%
Sleeping for 5.00 minutes...
10:50:25 ET | EXIT: CONTRARY SIGNAL (BUY) | Submitting order to close -417 shares.
Sleeping for 5.00 minutes...
10:55:26 ET | Polling... | Prediction: Buy
10:55:26 ET | SIGNAL: BUY  | Submitting market order for 418 shares.
Sleeping for 5.00 minutes...
11:00:27 ET | HOLDING  | Side: Buy , Qty:   418, P/L:    0.02%
Sleeping for 5.00 minutes...
11:05:28 ET | HOLDING  | Side: Buy , Qty:   418, P/L:   -0.06%
Sleeping for 5.00 minutes...
11:10:29 ET | HOLDING  | Side: Buy , Qty:   418, P/L:   -0.07%
Sleeping for 5.00 minutes...
11:15:30 ET | EXIT: CONTRARY SIGNAL (SELL) | Submitting order to close 418 shares.
Sleeping for 5.00 minutes...
11:20:31 ET | Polling... | Prediction: Buy
11:20:31 ET | SIGNAL: BUY  | Submitting market order for 418 shares.
Sleeping for 5.00 minutes...
11:25:32 ET | HOLDING  | Side: Buy , Qty:   418, P/L:   -0.02%
Sleeping for 5.00 minutes...
11:30:33 ET | EXIT: CONTRARY SIGNAL (SELL) | Submitting order to close 418 shares.
Sleeping for 5.00 minutes...
11:35:34 ET | Polling... | Prediction: Buy
11:35:34 ET | SIGNAL: BUY  | Submitting market order for 418 shares.
Sleeping for 5.00 minutes...
11:40:35 ET | EXIT: CONTRARY SIGNAL (SELL) | Submitting order to close 418 shares.
Sleeping for 5.00 minutes...
11:45:36 ET | Polling... | Prediction: Hold
Sleeping for 5.00 minutes...
11:50:37 ET | Polling... | Prediction: Sell
11:50:37 ET | SIGNAL: SELL | Submitting market order for 418 shares.
Sleeping for 5.00 minutes...
11:55:38 ET | HOLDING  | Side: Sell, Qty:  -418, P/L:   -0.06%
Sleeping for 5.00 minutes...
12:00:39 ET | HOLDING  | Side: Sell, Qty:  -418, P/L:   -0.09%
Sleeping for 5.00 minutes...
12:05:40 ET | HOLDING  | Side: Sell, Qty:  -418, P/L:   -0.18%
Sleeping for 5.00 minutes...
12:10:41 ET | HOLDING  | Side: Sell, Qty:  -418, P/L:   -0.18%
Sleeping for 5.00 minutes...
12:15:42 ET | HOLDING  | Side: Sell, Qty:  -418, P/L:   -0.22%
Sleeping for 5.00 minutes...
12:20:43 ET | HOLDING  | Side: Sell, Qty:  -418, P/L:   -0.23%
Sleeping for 5.00 minutes...
12:25:44 ET | HOLDING  | Side: Sell, Qty:  -418, P/L:   -0.24%
Sleeping for 5.00 minutes...
12:30:45 ET | HOLDING  | Side: Sell, Qty:  -418, P/L:   -0.26%
Sleeping for 5.00 minutes...
12:35:46 ET | HOLDING  | Side: Sell, Qty:  -418, P/L:   -0.22%
Sleeping for 5.00 minutes...
12:40:46 ET | HOLDING  | Side: Sell, Qty:  -418, P/L:   -0.23%
Sleeping for 5.00 minutes...
12:45:47 ET | HOLDING  | Side: Sell, Qty:  -418, P/L:   -0.30%
Sleeping for 5.00 minutes...
12:50:48 ET | HOLDING  | Side: Sell, Qty:  -418, P/L:   -0.29%
Sleeping for 5.00 minutes...
12:55:49 ET | HOLDING  | Side: Sell, Qty:  -418, P/L:   -0.28%
Sleeping for 5.00 minutes...
13:00:50 ET | HOLDING  | Side: Sell, Qty:  -418, P/L:   -0.27%
Sleeping for 5.00 minutes...
13:05:51 ET | HOLDING  | Side: Sell, Qty:  -418, P/L:   -0.26%
Sleeping for 5.00 minutes...
13:10:52 ET | HOLDING  | Side: Sell, Qty:  -418, P/L:   -0.24%
Sleeping for 5.00 minutes...
13:15:53 ET | HOLDING  | Side: Sell, Qty:  -418, P/L:   -0.22%
Sleeping for 5.00 minutes...
13:20:54 ET | HOLDING  | Side: Sell, Qty:  -418, P/L:   -0.20%
Sleeping for 5.00 minutes...
13:25:55 ET | HOLDING  | Side: Sell, Qty:  -418, P/L:   -0.22%
Sleeping for 5.00 minutes...
13:30:56 ET | HOLDING  | Side: Sell, Qty:  -418, P/L:   -0.21%
Sleeping for 5.00 minutes...
13:35:57 ET | HOLDING  | Side: Sell, Qty:  -418, P/L:   -0.25%
Sleeping for 5.00 minutes...
13:40:58 ET | HOLDING  | Side: Sell, Qty:  -418, P/L:   -0.26%
Sleeping for 5.00 minutes...
13:45:59 ET | HOLDING  | Side: Sell, Qty:  -418, P/L:   -0.29%
Sleeping for 5.00 minutes...
13:51:00 ET | HOLDING  | Side: Sell, Qty:  -418, P/L:   -0.29%
Sleeping for 5.00 minutes...
13:56:01 ET | HOLDING  | Side: Sell, Qty:  -418, P/L:   -0.26%
Sleeping for 5.00 minutes...
14:01:02 ET | HOLDING  | Side: Sell, Qty:  -418, P/L:   -0.24%
Sleeping for 5.00 minutes...
14:06:04 ET | HOLDING  | Side: Sell, Qty:  -418, P/L:   -0.26%
Sleeping for 5.00 minutes...
14:11:05 ET | HOLDING  | Side: Sell, Qty:  -418, P/L:   -0.26%
Sleeping for 5.00 minutes...
14:16:06 ET | HOLDING  | Side: Sell, Qty:  -418, P/L:   -0.27%
Sleeping for 5.00 minutes...
14:21:07 ET | HOLDING  | Side: Sell, Qty:  -418, P/L:   -0.24%
Sleeping for 5.00 minutes...
14:26:08 ET | HOLDING  | Side: Sell, Qty:  -418, P/L:   -0.22%
Sleeping for 5.00 minutes...
14:31:09 ET | HOLDING  | Side: Sell, Qty:  -418, P/L:   -0.23%
Sleeping for 5.00 minutes...
14:36:10 ET | HOLDING  | Side: Sell, Qty:  -418, P/L:   -0.27%
Sleeping for 5.00 minutes...
14:41:11 ET | HOLDING  | Side: Sell, Qty:  -418, P/L:   -0.28%
Sleeping for 5.00 minutes...
14:46:12 ET | HOLDING  | Side: Sell, Qty:  -418, P/L:   -0.27%
Sleeping for 5.00 minutes...
14:51:13 ET | HOLDING  | Side: Sell, Qty:  -418, P/L:   -0.22%
Sleeping for 5.00 minutes...
14:56:14 ET | HOLDING  | Side: Sell, Qty:  -418, P/L:   -0.25%
Sleeping for 5.00 minutes...
15:01:15 ET | HOLDING  | Side: Sell, Qty:  -418, P/L:   -0.28%
Sleeping for 5.00 minutes...
15:06:16 ET | HOLDING  | Side: Sell, Qty:  -418, P/L:   -0.30%
Sleeping for 5.00 minutes...
15:11:17 ET | HOLDING  | Side: Sell, Qty:  -418, P/L:   -0.31%
Sleeping for 5.00 minutes...
15:16:18 ET | HOLDING  | Side: Sell, Qty:  -418, P/L:   -0.34%
Sleeping for 5.00 minutes...
15:21:19 ET | HOLDING  | Side: Sell, Qty:  -418, P/L:   -0.31%
Sleeping for 5.00 minutes...
15:26:20 ET | HOLDING  | Side: Sell, Qty:  -418, P/L:   -0.33%
Sleeping for 5.00 minutes...
15:31:21 ET | HOLDING  | Side: Sell, Qty:  -418, P/L:   -0.35%
Sleeping for 5.00 minutes...
15:36:22 ET | HOLDING  | Side: Sell, Qty:  -418, P/L:   -0.34%
Sleeping for 5.00 minutes...
15:41:23 ET | HOLDING  | Side: Sell, Qty:  -418, P/L:   -0.34%
Sleeping for 5.00 minutes...
15:46:24 ET | HOLDING  | Side: Sell, Qty:  -418, P/L:   -0.33%
Sleeping for 5.00 minutes...
15:51:25 ET | HOLDING  | Side: Sell, Qty:  -418, P/L:   -0.45%
Sleeping for 5.00 minutes...
15:56:26 ET | HOLDING  | Side: Sell, Qty:  -418, P/L:   -0.50%
Sleeping for 3.48 minutes...
15:59:56 ET | EXIT: END OF DAY LIQUIDATION | Submitting order to close -418 shares.
Sleeping for 5.00 minutes...
