--- Algorithmic Trading Bot ---
Starting trading engine. Press Ctrl+C to stop.
Market is closed. Waiting for next open in 0d 0h 19m...
Market is closed. Waiting for next open in 0d 0h 18m...
Market is closed. Waiting for next open in 0d 0h 17m...
Market is closed. Waiting for next open in 0d 0h 16m...
Market is closed. Waiting for next open in 0d 0h 15m...
Market is closed. Waiting for next open in 0d 0h 14m...
Market is closed. Waiting for next open in 0d 0h 13m...
Market is closed. Waiting for next open in 0d 0h 12m...
Market is closed. Waiting for next open in 0d 0h 11m...
Market is closed. Waiting for next open in 0d 0h 10m...
Market is closed. Waiting for next open in 0d 0h 9m...
Market is closed. Waiting for next open in 0d 0h 8m...
Market is closed. Waiting for next open in 0d 0h 7m...
Market is closed. Waiting for next open in 0d 0h 6m...
Market is closed. Waiting for next open in 0d 0h 5m...
Market is closed. Waiting for next open in 0d 0h 4m...
Market is closed. Waiting for next open in 0d 0h 3m...
Market is closed. Waiting for next open in 0d 0h 2m...
Market is closed. Waiting for next open in 0d 0h 1m...
Market is closed. Waiting for next open in 0d 0h 0m...
Market is open. Starting trading engine...
09:30:52 ET | Polling... | Prediction: Hold
09:31:23 ET | Polling... | Prediction: Sell
09:31:54 ET | Polling... | Prediction: Sell
09:32:25 ET | Polling... | Prediction: Sell
09:32:55 ET | Polling... | Prediction: Sell
09:33:26 ET | Polling... | Prediction: Sell
09:33:57 ET | Polling... | Prediction: Sell
09:34:27 ET | Polling... | Prediction: Sell
09:34:58 ET | Polling... | Prediction: Sell
09:35:29 ET | Polling... | Prediction: Sell
09:35:59 ET | Polling... | Prediction: Sell
09:36:30 ET | Polling... | Prediction: Sell
09:37:00 ET | Polling... | Prediction: Sell
09:37:31 ET | Polling... | Prediction: Sell
09:38:02 ET | Polling... | Prediction: Sell
09:38:32 ET | Polling... | Prediction: Sell
09:39:03 ET | Polling... | Prediction: Sell
09:39:34 ET | Polling... | Prediction: Sell
09:40:04 ET | Polling... | Prediction: Sell
09:40:35 ET | Polling... | Prediction: Sell
09:41:05 ET | Polling... | Prediction: Buy
09:41:05 ET | SIGNAL: BUY  | Submitting market order for 879 shares.
09:41:36 ET | HOLDING  | Side: Buy , Qty:   879, P/L: ($360.39)
09:42:07 ET | HOLDING  | Side: Buy , Qty:   879, P/L: ($114.27)
09:42:37 ET | HOLDING  | Side: Buy , Qty:   879, P/L: ($105.48)
09:43:08 ET | HOLDING  | Side: Buy , Qty:   879, P/L: ($175.80)
09:43:39 ET | HOLDING  | Side: Buy , Qty:   879, P/L: ($52.74)
09:44:09 ET | HOLDING  | Side: Buy , Qty:   879, P/L: ($61.53)
09:44:40 ET | HOLDING  | Side: Buy , Qty:   879, P/L: $105.48
09:45:11 ET | HOLDING  | Side: Buy , Qty:   879, P/L: ($52.74)
09:45:41 ET | HOLDING  | Side: Buy , Qty:   879, P/L: $219.75
09:46:12 ET | EXIT: CONTRARY SIGNAL (SELL) | Submitting order to close 879 shares.
09:46:43 ET | Polling... | Prediction: Sell
09:47:14 ET | Polling... | Prediction: Sell
09:47:44 ET | Polling... | Prediction: Sell
09:48:15 ET | Polling... | Prediction: Sell
09:48:46 ET | Polling... | Prediction: Sell
09:49:16 ET | Polling... | Prediction: Sell
09:49:47 ET | Polling... | Prediction: Sell
09:50:18 ET | Polling... | Prediction: Sell
09:50:48 ET | Polling... | Prediction: Sell
09:51:19 ET | Polling... | Prediction: Sell
09:51:49 ET | Polling... | Prediction: Sell
09:52:20 ET | Polling... | Prediction: Sell
09:52:51 ET | Polling... | Prediction: Sell
09:53:21 ET | Polling... | Prediction: Sell
09:53:52 ET | Polling... | Prediction: Sell
09:54:23 ET | Polling... | Prediction: Sell
09:54:53 ET | Polling... | Prediction: Sell
09:55:24 ET | Polling... | Prediction: Sell
09:55:54 ET | Polling... | Prediction: Sell
09:56:25 ET | Polling... | Prediction: Buy
09:56:25 ET | SIGNAL: BUY  | Submitting market order for 879 shares.
09:56:56 ET | HOLDING  | Side: Buy , Qty:   879, P/L: $105.48
09:57:27 ET | HOLDING  | Side: Buy , Qty:   879, P/L: $35.16
09:57:57 ET | HOLDING  | Side: Buy , Qty:   879, P/L: ($35.16)
09:58:28 ET | HOLDING  | Side: Buy , Qty:   879, P/L: ($140.64)
09:58:58 ET | HOLDING  | Side: Buy , Qty:   879, P/L: $52.74
09:59:29 ET | HOLDING  | Side: Buy , Qty:   879, P/L: ($96.69)
10:00:00 ET | HOLDING  | Side: Buy , Qty:   879, P/L: ($8.79)
10:00:31 ET | HOLDING  | Side: Buy , Qty:   879, P/L: $79.11
10:01:01 ET | EXIT: CONTRARY SIGNAL (SELL) | Submitting order to close 879 shares.
10:01:32 ET | Polling... | Prediction: Sell
10:02:03 ET | Polling... | Prediction: Sell
10:02:34 ET | Polling... | Prediction: Sell
10:03:04 ET | Polling... | Prediction: Sell
10:03:35 ET | Polling... | Prediction: Sell
10:04:06 ET | Polling... | Prediction: Sell
10:04:36 ET | Polling... | Prediction: Sell
10:05:07 ET | Polling... | Prediction: Sell
10:05:38 ET | Polling... | Prediction: Sell
10:06:08 ET | Polling... | Prediction: Sell
10:06:39 ET | Polling... | Prediction: Sell
10:07:09 ET | Polling... | Prediction: Sell
10:07:40 ET | Polling... | Prediction: Sell
10:08:11 ET | Polling... | Prediction: Sell
10:08:41 ET | Polling... | Prediction: Sell
10:09:12 ET | Polling... | Prediction: Sell
10:09:43 ET | Polling... | Prediction: Sell
10:10:13 ET | Polling... | Prediction: Sell
10:10:44 ET | Polling... | Prediction: Sell
10:11:15 ET | Polling... | Prediction: Sell
10:11:45 ET | Polling... | Prediction: Sell
10:12:16 ET | Polling... | Prediction: Sell
10:12:47 ET | Polling... | Prediction: Sell
10:13:17 ET | Polling... | Prediction: Sell
10:13:48 ET | Polling... | Prediction: Sell
10:14:18 ET | Polling... | Prediction: Sell
10:14:49 ET | Polling... | Prediction: Sell
10:15:20 ET | Polling... | Prediction: Sell
10:15:50 ET | Polling... | Prediction: Sell
10:16:21 ET | Polling... | Prediction: Buy
10:16:21 ET | SIGNAL: BUY  | Submitting market order for 880 shares.
10:16:52 ET | HOLDING  | Side: Buy , Qty:   880, P/L: ($50.59)
10:17:23 ET | HOLDING  | Side: Buy , Qty:   880, P/L: $19.81
10:17:53 ET | HOLDING  | Side: Buy , Qty:   880, P/L: $160.61
10:18:24 ET | HOLDING  | Side: Buy , Qty:   880, P/L: $407.01
10:18:54 ET | HOLDING  | Side: Buy , Qty:   880, P/L: $732.61
10:19:25 ET | HOLDING  | Side: Buy , Qty:   880, P/L: $750.21
10:19:56 ET | HOLDING  | Side: Buy , Qty:   880, P/L: $679.81
10:20:26 ET | HOLDING  | Side: Buy , Qty:   880, P/L: $908.61
10:20:57 ET | HOLDING  | Side: Buy , Qty:   880, P/L: $899.81
10:21:27 ET | HOLDING  | Side: Buy , Qty:   880, P/L: $662.21
10:21:58 ET | HOLDING  | Side: Buy , Qty:   880, P/L: $745.81
10:22:29 ET | HOLDING  | Side: Buy , Qty:   880, P/L: $741.50
10:22:59 ET | HOLDING  | Side: Buy , Qty:   880, P/L: $838.21
10:23:30 ET | HOLDING  | Side: Buy , Qty:   880, P/L: $838.21
10:24:00 ET | HOLDING  | Side: Buy , Qty:   880, P/L: $891.01
10:24:31 ET | HOLDING  | Side: Buy , Qty:   880, P/L: $891.01
10:25:02 ET | HOLDING  | Side: Buy , Qty:   880, P/L: $926.21
10:25:32 ET | HOLDING  | Side: Buy , Qty:   880, P/L: $1,067.01
10:26:03 ET | HOLDING  | Side: Buy , Qty:   880, P/L: $1,093.41
10:26:33 ET | HOLDING  | Side: Buy , Qty:   880, P/L: $1,181.41
10:27:04 ET | HOLDING  | Side: Buy , Qty:   880, P/L: $1,155.01
10:27:35 ET | HOLDING  | Side: Buy , Qty:   880, P/L: $1,163.81
10:28:05 ET | HOLDING  | Side: Buy , Qty:   880, P/L: $847.01
10:28:36 ET | HOLDING  | Side: Buy , Qty:   880, P/L: $1,084.61
10:29:06 ET | HOLDING  | Side: Buy , Qty:   880, P/L: $803.01
10:29:37 ET | HOLDING  | Side: Buy , Qty:   880, P/L: $591.81
10:30:07 ET | HOLDING  | Side: Buy , Qty:   880, P/L: $702.51
10:30:38 ET | HOLDING  | Side: Buy , Qty:   880, P/L: $732.61
10:31:09 ET | HOLDING  | Side: Buy , Qty:   880, P/L: $952.61
10:31:39 ET | HOLDING  | Side: Buy , Qty:   880, P/L: $1,190.21
10:32:10 ET | HOLDING  | Side: Buy , Qty:   880, P/L: $1,119.81
10:32:41 ET | HOLDING  | Side: Buy , Qty:   880, P/L: $1,242.31
10:33:12 ET | HOLDING  | Side: Buy , Qty:   880, P/L: $1,265.54
10:33:42 ET | HOLDING  | Side: Buy , Qty:   880, P/L: $1,251.81
10:34:13 ET | HOLDING  | Side: Buy , Qty:   880, P/L: $1,278.21
10:34:44 ET | HOLDING  | Side: Buy , Qty:   880, P/L: $1,295.81
10:35:14 ET | HOLDING  | Side: Buy , Qty:   880, P/L: $1,427.81
10:35:45 ET | HOLDING  | Side: Buy , Qty:   880, P/L: $1,366.21
10:36:15 ET | EXIT: CONTRARY SIGNAL (SELL) | Submitting order to close 880 shares.
10:36:46 ET | Polling... | Prediction: Sell
10:37:17 ET | Polling... | Prediction: Sell
10:37:47 ET | Polling... | Prediction: Sell
10:38:18 ET | Polling... | Prediction: Sell
10:38:49 ET | Polling... | Prediction: Sell
10:39:19 ET | Polling... | Prediction: Sell
10:39:50 ET | Polling... | Prediction: Sell
10:40:20 ET | Polling... | Prediction: Sell
10:40:51 ET | Polling... | Prediction: Sell
10:41:22 ET | Polling... | Prediction: Sell
10:41:52 ET | Polling... | Prediction: Sell
10:42:23 ET | Polling... | Prediction: Sell
10:42:53 ET | Polling... | Prediction: Sell
10:43:24 ET | Polling... | Prediction: Sell
10:43:54 ET | Polling... | Prediction: Sell
10:44:25 ET | Polling... | Prediction: Sell
10:44:56 ET | Polling... | Prediction: Sell
10:45:26 ET | Polling... | Prediction: Sell
10:45:57 ET | Polling... | Prediction: Sell
10:46:27 ET | Polling... | Prediction: Sell
10:46:58 ET | Polling... | Prediction: Sell
10:47:29 ET | Polling... | Prediction: Sell
10:47:59 ET | Polling... | Prediction: Sell
10:48:30 ET | Polling... | Prediction: Sell
10:49:00 ET | Polling... | Prediction: Sell
10:49:31 ET | Polling... | Prediction: Sell
10:50:01 ET | Polling... | Prediction: Sell
10:50:32 ET | Polling... | Prediction: Sell
10:51:03 ET | Polling... | Prediction: Sell
10:51:33 ET | Polling... | Prediction: Sell
10:52:04 ET | Polling... | Prediction: Sell
10:52:34 ET | Polling... | Prediction: Sell
10:53:05 ET | Polling... | Prediction: Sell
10:53:36 ET | Polling... | Prediction: Sell
10:54:06 ET | Polling... | Prediction: Sell
10:54:37 ET | Polling... | Prediction: Sell
10:55:07 ET | Polling... | Prediction: Sell
10:55:38 ET | Polling... | Prediction: Sell
10:56:09 ET | Polling... | Prediction: Buy
10:56:09 ET | SIGNAL: BUY  | Submitting market order for 881 shares.
10:56:39 ET | HOLDING  | Side: Buy , Qty:   881, P/L: $79.29
10:57:10 ET | HOLDING  | Side: Buy , Qty:   881, P/L: $8.81
10:57:40 ET | HOLDING  | Side: Buy , Qty:   881, P/L: $61.67
10:58:11 ET | HOLDING  | Side: Buy , Qty:   881, P/L: $96.91
10:58:42 ET | HOLDING  | Side: Buy , Qty:   881, P/L: $132.15
10:59:12 ET | HOLDING  | Side: Buy , Qty:   881, P/L: $66.08
10:59:43 ET | HOLDING  | Side: Buy , Qty:   881, P/L: $79.29
11:00:14 ET | HOLDING  | Side: Buy , Qty:   881, P/L: $193.82
11:00:44 ET | HOLDING  | Side: Buy , Qty:   881, P/L: $88.10
11:01:15 ET | HOLDING  | Side: Buy , Qty:   881, P/L: $0.00
11:01:46 ET | HOLDING  | Side: Buy , Qty:   881, P/L: ($70.48)
11:02:16 ET | HOLDING  | Side: Buy , Qty:   881, P/L: ($105.72)
11:02:47 ET | HOLDING  | Side: Buy , Qty:   881, P/L: $26.43
11:03:17 ET | HOLDING  | Side: Buy , Qty:   881, P/L: $26.43
11:03:48 ET | HOLDING  | Side: Buy , Qty:   881, P/L: $35.24
11:04:19 ET | HOLDING  | Side: Buy , Qty:   881, P/L: ($35.24)
11:04:49 ET | HOLDING  | Side: Buy , Qty:   881, P/L: $0.00
11:05:20 ET | HOLDING  | Side: Buy , Qty:   881, P/L: ($26.43)
11:05:50 ET | HOLDING  | Side: Buy , Qty:   881, P/L: $92.51
11:06:21 ET | HOLDING  | Side: Buy , Qty:   881, P/L: $88.10
11:06:51 ET | HOLDING  | Side: Buy , Qty:   881, P/L: $149.77
11:07:22 ET | HOLDING  | Side: Buy , Qty:   881, P/L: ($8.81)
11:07:53 ET | HOLDING  | Side: Buy , Qty:   881, P/L: ($96.91)
11:08:23 ET | HOLDING  | Side: Buy , Qty:   881, P/L: ($44.05)
11:08:54 ET | HOLDING  | Side: Buy , Qty:   881, P/L: ($246.68)
11:09:24 ET | HOLDING  | Side: Buy , Qty:   881, P/L: ($123.34)
11:09:55 ET | HOLDING  | Side: Buy , Qty:   881, P/L: ($17.62)
11:10:25 ET | HOLDING  | Side: Buy , Qty:   881, P/L: ($35.24)
11:10:56 ET | HOLDING  | Side: Buy , Qty:   881, P/L: $35.24
11:11:26 ET | HOLDING  | Side: Buy , Qty:   881, P/L: $0.00
11:11:57 ET | HOLDING  | Side: Buy , Qty:   881, P/L: ($61.67)
11:12:27 ET | HOLDING  | Side: Buy , Qty:   881, P/L: $35.24
11:12:58 ET | HOLDING  | Side: Buy , Qty:   881, P/L: ($48.46)
11:13:29 ET | HOLDING  | Side: Buy , Qty:   881, P/L: ($132.15)
11:13:59 ET | HOLDING  | Side: Buy , Qty:   881, P/L: ($352.40)
11:14:30 ET | HOLDING  | Side: Buy , Qty:   881, P/L: ($162.99)
11:15:01 ET | HOLDING  | Side: Buy , Qty:   881, P/L: ($352.40)
11:15:31 ET | HOLDING  | Side: Buy , Qty:   881, P/L: ($343.59)
11:16:02 ET | EXIT: CONTRARY SIGNAL (SELL) | Submitting order to close 881 shares.
11:16:32 ET | Polling... | Prediction: Sell
11:17:03 ET | Polling... | Prediction: Sell
11:17:34 ET | Polling... | Prediction: Sell
11:18:04 ET | Polling... | Prediction: Sell
11:18:35 ET | Polling... | Prediction: Sell
11:19:06 ET | Polling... | Prediction: Sell
11:19:36 ET | Polling... | Prediction: Sell
11:20:07 ET | Polling... | Prediction: Sell
11:20:37 ET | Polling... | Prediction: Sell
11:21:08 ET | Polling... | Prediction: Buy
11:21:08 ET | SIGNAL: BUY  | Submitting market order for 881 shares.
11:21:39 ET | HOLDING  | Side: Buy , Qty:   881, P/L: ($70.46)
11:22:09 ET | HOLDING  | Side: Buy , Qty:   881, P/L: ($132.13)
11:22:40 ET | HOLDING  | Side: Buy , Qty:   881, P/L: ($325.95)
11:23:11 ET | HOLDING  | Side: Buy , Qty:   881, P/L: ($343.57)
11:23:41 ET | HOLDING  | Side: Buy , Qty:   881, P/L: ($299.52)
11:24:12 ET | HOLDING  | Side: Buy , Qty:   881, P/L: ($378.81)
11:24:42 ET | HOLDING  | Side: Buy , Qty:   881, P/L: ($246.66)
11:25:13 ET | HOLDING  | Side: Buy , Qty:   881, P/L: ($202.61)
11:25:44 ET | HOLDING  | Side: Buy , Qty:   881, P/L: ($466.91)
11:26:14 ET | HOLDING  | Side: Buy , Qty:   881, P/L: ($669.54)
11:26:45 ET | HOLDING  | Side: Buy , Qty:   881, P/L: ($671.65)
11:27:15 ET | HOLDING  | Side: Buy , Qty:   881, P/L: ($660.73)
11:27:46 ET | HOLDING  | Side: Buy , Qty:   881, P/L: ($819.31)
11:28:16 ET | HOLDING  | Side: Buy , Qty:   881, P/L: ($775.26)
11:28:47 ET | HOLDING  | Side: Buy , Qty:   881, P/L: ($1,030.75)
11:29:18 ET | HOLDING  | Side: Buy , Qty:   881, P/L: ($1,206.95)
11:29:48 ET | HOLDING  | Side: Buy , Qty:   881, P/L: ($1,145.28)
11:30:19 ET | HOLDING  | Side: Buy , Qty:   881, P/L: ($1,136.47)
11:30:50 ET | HOLDING  | Side: Buy , Qty:   881, P/L: ($1,013.13)
11:31:20 ET | EXIT: CONTRARY SIGNAL (SELL) | Submitting order to close 881 shares.
11:31:51 ET | Polling... | Prediction: Sell
11:32:22 ET | Polling... | Prediction: Sell
11:32:52 ET | Polling... | Prediction: Sell
11:33:23 ET | Polling... | Prediction: Sell
11:33:54 ET | Polling... | Prediction: Sell
11:34:24 ET | Polling... | Prediction: Sell
11:34:55 ET | Polling... | Prediction: Sell
11:35:25 ET | Polling... | Prediction: Sell
11:35:56 ET | Polling... | Prediction: Sell
11:36:26 ET | Polling... | Prediction: Hold
11:36:57 ET | Polling... | Prediction: Hold
11:37:28 ET | Polling... | Prediction: Hold
11:37:58 ET | Polling... | Prediction: Hold
11:38:29 ET | Polling... | Prediction: Hold
11:39:00 ET | Polling... | Prediction: Hold
11:39:30 ET | Polling... | Prediction: Hold
11:40:01 ET | Polling... | Prediction: Hold
11:40:31 ET | Polling... | Prediction: Hold
11:41:02 ET | Polling... | Prediction: Buy
11:41:02 ET | SIGNAL: BUY  | Submitting market order for 878 shares.
An error occurred in the trading loop: Response status code does not indicate success: 403 (Forbidden).
11:41:33 ET | Polling... | Prediction: Buy
11:41:33 ET | SIGNAL: BUY  | Submitting market order for 878 shares.
An error occurred in the trading loop: Response status code does not indicate success: 403 (Forbidden).
11:42:04 ET | Polling... | Prediction: Buy
11:42:04 ET | SIGNAL: BUY  | Submitting market order for 877 shares.
11:42:35 ET | HOLDING  | Side: Buy , Qty:   877, P/L: $26.31
11:43:05 ET | HOLDING  | Side: Buy , Qty:   877, P/L: ($8.77)
11:43:36 ET | HOLDING  | Side: Buy , Qty:   877, P/L: $52.62
11:44:06 ET | HOLDING  | Side: Buy , Qty:   877, P/L: ($34.12)
11:44:37 ET | HOLDING  | Side: Buy , Qty:   877, P/L: $4.39
11:45:08 ET | HOLDING  | Side: Buy , Qty:   877, P/L: ($280.64)
11:45:39 ET | HOLDING  | Side: Buy , Qty:   877, P/L: ($157.86)
11:46:09 ET | HOLDING  | Side: Buy , Qty:   877, P/L: ($149.09)
11:46:40 ET | HOLDING  | Side: Buy , Qty:   877, P/L: ($210.48)
11:47:10 ET | HOLDING  | Side: Buy , Qty:   877, P/L: ($429.73)
11:47:41 ET | HOLDING  | Side: Buy , Qty:   877, P/L: ($375.97)
11:48:12 ET | HOLDING  | Side: Buy , Qty:   877, P/L: ($324.49)
11:48:42 ET | HOLDING  | Side: Buy , Qty:   877, P/L: ($534.97)
11:49:13 ET | HOLDING  | Side: Buy , Qty:   877, P/L: ($499.89)
11:49:43 ET | HOLDING  | Side: Buy , Qty:   877, P/L: ($429.73)
11:50:14 ET | HOLDING  | Side: Buy , Qty:   877, P/L: ($346.42)
11:50:45 ET | HOLDING  | Side: Buy , Qty:   877, P/L: ($258.72)
11:51:15 ET | EXIT: CONTRARY SIGNAL (SELL) | Submitting order to close 877 shares.
11:51:46 ET | Polling... | Prediction: Sell
11:52:17 ET | Polling... | Prediction: Sell
11:52:47 ET | Polling... | Prediction: Sell
11:53:18 ET | Polling... | Prediction: Sell
11:53:48 ET | Polling... | Prediction: Sell
11:54:19 ET | Polling... | Prediction: Sell
11:54:50 ET | Polling... | Prediction: Sell
11:55:20 ET | Polling... | Prediction: Sell
11:55:51 ET | Polling... | Prediction: Sell
11:56:21 ET | Polling... | Prediction: Buy
11:56:21 ET | SIGNAL: BUY  | Submitting market order for 878 shares.
11:56:52 ET | HOLDING  | Side: Buy , Qty:   878, P/L: ($54.96)
11:57:23 ET | HOLDING  | Side: Buy , Qty:   878, P/L: ($81.39)
11:57:53 ET | HOLDING  | Side: Buy , Qty:   878, P/L: ($160.32)
11:58:24 ET | HOLDING  | Side: Buy , Qty:   878, P/L: ($133.98)
11:58:54 ET | HOLDING  | Side: Buy , Qty:   878, P/L: ($191.05)
11:59:25 ET | HOLDING  | Side: Buy , Qty:   878, P/L: ($98.86)
11:59:55 ET | HOLDING  | Side: Buy , Qty:   878, P/L: ($107.64)
12:00:26 ET | HOLDING  | Side: Buy , Qty:   878, P/L: ($195.44)
12:00:57 ET | HOLDING  | Side: Buy , Qty:   878, P/L: ($160.32)
12:01:27 ET | EXIT: CONTRARY SIGNAL (SELL) | Submitting order to close 878 shares.
12:01:58 ET | Polling... | Prediction: Sell
12:02:28 ET | Polling... | Prediction: Sell
12:02:59 ET | Polling... | Prediction: Sell
12:03:30 ET | Polling... | Prediction: Sell
12:04:00 ET | Polling... | Prediction: Sell
12:04:31 ET | Polling... | Prediction: Sell
12:05:02 ET | Polling... | Prediction: Sell
12:05:32 ET | Polling... | Prediction: Sell
12:06:03 ET | Polling... | Prediction: Sell
12:06:34 ET | Polling... | Prediction: Sell
12:07:04 ET | Polling... | Prediction: Sell
12:07:35 ET | Polling... | Prediction: Sell
12:08:05 ET | Polling... | Prediction: Sell
12:08:36 ET | Polling... | Prediction: Sell
12:09:07 ET | Polling... | Prediction: Sell
12:09:37 ET | Polling... | Prediction: Sell
12:10:08 ET | Polling... | Prediction: Sell
12:10:38 ET | Polling... | Prediction: Sell
12:11:09 ET | Polling... | Prediction: Sell
12:11:40 ET | Polling... | Prediction: Sell
12:12:10 ET | Polling... | Prediction: Sell
12:12:41 ET | Polling... | Prediction: Sell
12:13:11 ET | Polling... | Prediction: Sell
12:13:42 ET | Polling... | Prediction: Sell
12:14:12 ET | Polling... | Prediction: Sell
12:14:43 ET | Polling... | Prediction: Sell
12:15:14 ET | Polling... | Prediction: Sell
12:15:45 ET | Polling... | Prediction: Sell
12:16:15 ET | Polling... | Prediction: Sell
12:16:46 ET | Polling... | Prediction: Sell
12:17:16 ET | Polling... | Prediction: Sell
12:17:47 ET | Polling... | Prediction: Sell
12:18:18 ET | Polling... | Prediction: Sell
12:18:48 ET | Polling... | Prediction: Sell
12:19:19 ET | Polling... | Prediction: Sell
12:19:49 ET | Polling... | Prediction: Sell
12:20:20 ET | Polling... | Prediction: Sell
12:20:50 ET | Polling... | Prediction: Sell
12:21:21 ET | Polling... | Prediction: Hold
12:21:52 ET | Polling... | Prediction: Hold
12:22:22 ET | Polling... | Prediction: Hold
12:22:53 ET | Polling... | Prediction: Hold
12:23:23 ET | Polling... | Prediction: Hold
12:23:54 ET | Polling... | Prediction: Hold
12:24:24 ET | Polling... | Prediction: Hold
12:24:55 ET | Polling... | Prediction: Hold
12:25:26 ET | Polling... | Prediction: Hold
12:25:56 ET | Polling... | Prediction: Hold
12:26:27 ET | Polling... | Prediction: Hold
12:26:57 ET | Polling... | Prediction: Hold
12:27:28 ET | Polling... | Prediction: Hold
12:27:58 ET | Polling... | Prediction: Hold
12:28:29 ET | Polling... | Prediction: Hold
12:29:00 ET | Polling... | Prediction: Hold
12:29:30 ET | Polling... | Prediction: Hold
12:30:01 ET | Polling... | Prediction: Hold
12:30:32 ET | Polling... | Prediction: Hold
12:31:02 ET | Polling... | Prediction: Hold
12:31:33 ET | Polling... | Prediction: Hold
12:32:04 ET | Polling... | Prediction: Hold
12:32:34 ET | Polling... | Prediction: Hold
12:33:05 ET | Polling... | Prediction: Hold
12:33:36 ET | Polling... | Prediction: Hold
12:34:06 ET | Polling... | Prediction: Hold
12:34:37 ET | Polling... | Prediction: Hold
12:35:07 ET | Polling... | Prediction: Hold
12:35:38 ET | Polling... | Prediction: Hold
12:36:08 ET | Polling... | Prediction: Sell
12:36:39 ET | Polling... | Prediction: Sell
12:37:10 ET | Polling... | Prediction: Sell
12:37:40 ET | Polling... | Prediction: Sell
12:38:11 ET | Polling... | Prediction: Sell
12:38:42 ET | Polling... | Prediction: Sell
12:39:12 ET | Polling... | Prediction: Sell
12:39:43 ET | Polling... | Prediction: Sell
12:40:13 ET | Polling... | Prediction: Sell
12:40:44 ET | Polling... | Prediction: Sell
12:41:15 ET | Polling... | Prediction: Hold
12:41:45 ET | Polling... | Prediction: Hold
12:42:16 ET | Polling... | Prediction: Hold
12:42:47 ET | Polling... | Prediction: Hold
12:43:17 ET | Polling... | Prediction: Hold
12:43:48 ET | Polling... | Prediction: Hold
12:44:18 ET | Polling... | Prediction: Hold
12:44:49 ET | Polling... | Prediction: Hold
12:45:19 ET | Polling... | Prediction: Hold
12:45:50 ET | Polling... | Prediction: Hold
12:46:21 ET | Polling... | Prediction: Sell
12:46:51 ET | Polling... | Prediction: Sell
12:47:22 ET | Polling... | Prediction: Sell
12:47:52 ET | Polling... | Prediction: Sell
12:48:23 ET | Polling... | Prediction: Sell
12:48:53 ET | Polling... | Prediction: Sell
12:49:24 ET | Polling... | Prediction: Sell
12:49:55 ET | Polling... | Prediction: Sell
12:50:25 ET | Polling... | Prediction: Sell
12:50:56 ET | Polling... | Prediction: Sell
12:51:26 ET | Polling... | Prediction: Sell
12:51:57 ET | Polling... | Prediction: Sell
12:52:27 ET | Polling... | Prediction: Sell
12:52:58 ET | Polling... | Prediction: Sell
12:53:28 ET | Polling... | Prediction: Sell
12:53:59 ET | Polling... | Prediction: Sell
12:54:30 ET | Polling... | Prediction: Sell
12:55:00 ET | Polling... | Prediction: Sell
12:55:31 ET | Polling... | Prediction: Sell
12:56:02 ET | Polling... | Prediction: Hold
12:56:32 ET | Polling... | Prediction: Hold
12:57:03 ET | Polling... | Prediction: Hold
12:57:33 ET | Polling... | Prediction: Hold
12:58:04 ET | Polling... | Prediction: Hold
12:58:35 ET | Polling... | Prediction: Hold
12:59:05 ET | Polling... | Prediction: Hold
12:59:36 ET | Polling... | Prediction: Hold
13:00:07 ET | Polling... | Prediction: Hold
13:00:37 ET | Polling... | Prediction: Hold
13:01:08 ET | Polling... | Prediction: Hold
13:01:38 ET | Polling... | Prediction: Hold
13:02:09 ET | Polling... | Prediction: Hold
13:02:39 ET | Polling... | Prediction: Hold
13:03:10 ET | Polling... | Prediction: Hold
13:03:41 ET | Polling... | Prediction: Hold
13:04:11 ET | Polling... | Prediction: Hold
13:04:42 ET | Polling... | Prediction: Hold
13:05:12 ET | Polling... | Prediction: Hold
13:05:43 ET | Polling... | Prediction: Hold
13:06:14 ET | Polling... | Prediction: Hold
13:06:44 ET | Polling... | Prediction: Hold
13:07:15 ET | Polling... | Prediction: Hold
13:07:46 ET | Polling... | Prediction: Hold
13:08:16 ET | Polling... | Prediction: Hold
13:08:47 ET | Polling... | Prediction: Hold
13:09:17 ET | Polling... | Prediction: Hold
13:09:48 ET | Polling... | Prediction: Hold
13:10:18 ET | Polling... | Prediction: Hold
13:10:49 ET | Polling... | Prediction: Hold
13:11:20 ET | Polling... | Prediction: Hold
13:11:50 ET | Polling... | Prediction: Hold
13:12:21 ET | Polling... | Prediction: Hold
13:12:51 ET | Polling... | Prediction: Hold
13:13:22 ET | Polling... | Prediction: Hold
13:13:53 ET | Polling... | Prediction: Hold
13:14:23 ET | Polling... | Prediction: Hold
13:14:54 ET | Polling... | Prediction: Hold
13:15:24 ET | Polling... | Prediction: Hold
13:15:55 ET | Polling... | Prediction: Hold
13:16:25 ET | Polling... | Prediction: Sell
13:16:56 ET | Polling... | Prediction: Sell
13:17:27 ET | Polling... | Prediction: Sell
13:17:57 ET | Polling... | Prediction: Sell
13:18:28 ET | Polling... | Prediction: Sell
13:18:59 ET | Polling... | Prediction: Sell
13:19:29 ET | Polling... | Prediction: Sell
13:20:00 ET | Polling... | Prediction: Sell
13:20:30 ET | Polling... | Prediction: Sell
13:21:01 ET | Polling... | Prediction: Sell
13:21:31 ET | Polling... | Prediction: Sell
13:22:02 ET | Polling... | Prediction: Sell
13:22:33 ET | Polling... | Prediction: Sell
13:23:03 ET | Polling... | Prediction: Sell
13:23:34 ET | Polling... | Prediction: Sell
13:24:04 ET | Polling... | Prediction: Sell
13:24:38 ET | Polling... | Prediction: Sell
13:25:09 ET | Polling... | Prediction: Sell
13:25:39 ET | Polling... | Prediction: Sell
13:26:10 ET | Polling... | Prediction: Hold

--- End of trading_log_2025-09-03_09-10-51.log ---
--- Algorithmic Trading Bot ---
Starting trading engine. Press Ctrl+C to stop.
Market is open. Starting trading engine...
13:26:17 ET | Polling... | Prediction: Hold
13:26:49 ET | Polling... | Prediction: Hold
13:27:19 ET | Polling... | Prediction: Hold
13:27:50 ET | Polling... | Prediction: Hold
13:28:20 ET | Polling... | Prediction: Hold
13:28:51 ET | Polling... | Prediction: Hold
13:29:21 ET | Polling... | Prediction: Hold
13:29:52 ET | Polling... | Prediction: Hold
13:30:23 ET | Polling... | Prediction: Hold
13:30:53 ET | Polling... | Prediction: Hold
13:31:24 ET | Polling... | Prediction: Hold
13:31:54 ET | Polling... | Prediction: Hold
13:32:25 ET | Polling... | Prediction: Hold
13:32:56 ET | Polling... | Prediction: Hold
13:33:26 ET | Polling... | Prediction: Hold
13:33:57 ET | Polling... | Prediction: Hold
13:34:27 ET | Polling... | Prediction: Hold
13:34:59 ET | Polling... | Prediction: Hold
13:35:29 ET | Polling... | Prediction: Hold
13:36:00 ET | Polling... | Prediction: Hold
13:36:30 ET | Polling... | Prediction: Hold
13:37:01 ET | Polling... | Prediction: Hold
13:37:31 ET | Polling... | Prediction: Hold
13:38:02 ET | Polling... | Prediction: Hold
13:38:33 ET | Polling... | Prediction: Hold
13:39:03 ET | Polling... | Prediction: Hold
13:39:34 ET | Polling... | Prediction: Hold
13:40:05 ET | Polling... | Prediction: Hold
13:40:36 ET | Polling... | Prediction: Hold
13:41:06 ET | Polling... | Prediction: Sell
13:41:37 ET | Polling... | Prediction: Sell
13:42:07 ET | Polling... | Prediction: Sell
13:42:38 ET | Polling... | Prediction: Sell
13:43:09 ET | Polling... | Prediction: Sell
13:43:39 ET | Polling... | Prediction: Sell
13:44:10 ET | Polling... | Prediction: Sell
13:44:40 ET | Polling... | Prediction: Sell
13:45:11 ET | Polling... | Prediction: Sell
13:45:42 ET | Polling... | Prediction: Sell
13:46:12 ET | Polling... | Prediction: Buy
13:46:12 ET | SIGNAL: BUY  | Submitting market order for 880 shares.
13:46:43 ET | HOLDING  | Side: Buy , Qty:   880, P/L: $197.30
13:47:14 ET | HOLDING  | Side: Buy , Qty:   880, P/L: $262.24
13:47:44 ET | HOLDING  | Side: Buy , Qty:   880, P/L: $427.50
13:48:15 ET | HOLDING  | Side: Buy , Qty:   880, P/L: $554.40
13:48:45 ET | HOLDING  | Side: Buy , Qty:   880, P/L: $642.40
13:49:16 ET | HOLDING  | Side: Buy , Qty:   880, P/L: $611.60
13:49:47 ET | HOLDING  | Side: Buy , Qty:   880, P/L: $695.20
13:50:17 ET | HOLDING  | Side: Buy , Qty:   880, P/L: $501.60
13:50:48 ET | HOLDING  | Side: Buy , Qty:   880, P/L: $501.60
13:51:18 ET | EXIT: CONTRARY SIGNAL (SELL) | Submitting order to close 880 shares.
13:51:49 ET | Polling... | Prediction: Sell
13:52:20 ET | Polling... | Prediction: Sell
13:52:50 ET | Polling... | Prediction: Sell
13:53:21 ET | Polling... | Prediction: Sell
13:53:51 ET | Polling... | Prediction: Sell
13:54:22 ET | Polling... | Prediction: Sell
13:54:53 ET | Polling... | Prediction: Sell
13:55:23 ET | Polling... | Prediction: Sell
13:55:54 ET | Polling... | Prediction: Sell
13:56:24 ET | Polling... | Prediction: Hold
13:56:55 ET | Polling... | Prediction: Hold
13:57:26 ET | Polling... | Prediction: Hold
13:57:56 ET | Polling... | Prediction: Hold
13:58:27 ET | Polling... | Prediction: Hold
13:58:57 ET | Polling... | Prediction: Hold
13:59:28 ET | Polling... | Prediction: Hold
13:59:58 ET | Polling... | Prediction: Hold
14:00:29 ET | Polling... | Prediction: Hold
14:01:00 ET | Polling... | Prediction: Hold
14:01:30 ET | Polling... | Prediction: Sell
14:02:01 ET | Polling... | Prediction: Sell
14:02:32 ET | Polling... | Prediction: Sell
14:03:02 ET | Polling... | Prediction: Sell
14:03:33 ET | Polling... | Prediction: Sell
14:04:03 ET | Polling... | Prediction: Sell
14:04:34 ET | Polling... | Prediction: Sell
14:05:05 ET | Polling... | Prediction: Sell
14:05:35 ET | Polling... | Prediction: Sell
14:06:06 ET | Polling... | Prediction: Sell
14:06:37 ET | Polling... | Prediction: Sell
14:07:07 ET | Polling... | Prediction: Sell
14:07:38 ET | Polling... | Prediction: Sell
14:08:08 ET | Polling... | Prediction: Sell
14:08:39 ET | Polling... | Prediction: Sell
14:09:10 ET | Polling... | Prediction: Sell
14:09:40 ET | Polling... | Prediction: Sell
14:10:11 ET | Polling... | Prediction: Sell
14:10:41 ET | Polling... | Prediction: Sell
14:11:12 ET | Polling... | Prediction: Sell
14:11:43 ET | Polling... | Prediction: Sell
14:12:13 ET | Polling... | Prediction: Sell
14:12:44 ET | Polling... | Prediction: Sell
14:13:14 ET | Polling... | Prediction: Sell
14:13:45 ET | Polling... | Prediction: Sell
14:14:16 ET | Polling... | Prediction: Sell
14:14:46 ET | Polling... | Prediction: Sell
14:15:17 ET | Polling... | Prediction: Sell
14:15:47 ET | Polling... | Prediction: Sell
14:16:18 ET | Polling... | Prediction: Buy
14:16:18 ET | SIGNAL: BUY  | Submitting market order for 883 shares.
14:16:49 ET | HOLDING  | Side: Buy , Qty:   883, P/L: $255.40
14:17:20 ET | HOLDING  | Side: Buy , Qty:   883, P/L: $273.06
14:17:50 ET | HOLDING  | Side: Buy , Qty:   883, P/L: $175.93
14:18:21 ET | HOLDING  | Side: Buy , Qty:   883, P/L: $246.57
14:18:51 ET | HOLDING  | Side: Buy , Qty:   883, P/L: $215.58
14:19:22 ET | HOLDING  | Side: Buy , Qty:   883, P/L: $127.37
14:19:52 ET | HOLDING  | Side: Buy , Qty:   883, P/L: $61.14
14:20:23 ET | HOLDING  | Side: Buy , Qty:   883, P/L: $25.82
14:20:54 ET | HOLDING  | Side: Buy , Qty:   883, P/L: $78.80
14:21:24 ET | EXIT: CONTRARY SIGNAL (SELL) | Submitting order to close 883 shares.
14:21:55 ET | Polling... | Prediction: Sell
14:22:25 ET | Polling... | Prediction: Sell
14:22:56 ET | Polling... | Prediction: Sell
14:23:27 ET | Polling... | Prediction: Sell
14:23:57 ET | Polling... | Prediction: Sell
14:24:28 ET | Polling... | Prediction: Sell
14:24:58 ET | Polling... | Prediction: Sell
14:25:29 ET | Polling... | Prediction: Sell
14:25:59 ET | Polling... | Prediction: Sell
14:26:30 ET | Polling... | Prediction: Buy
14:26:30 ET | SIGNAL: BUY  | Submitting market order for 883 shares.
14:27:01 ET | HOLDING  | Side: Buy , Qty:   883, P/L: $105.96
14:27:32 ET | HOLDING  | Side: Buy , Qty:   883, P/L: $201.85
14:28:02 ET | HOLDING  | Side: Buy , Qty:   883, P/L: $185.43
14:28:33 ET | HOLDING  | Side: Buy , Qty:   883, P/L: $97.13
14:29:03 ET | HOLDING  | Side: Buy , Qty:   883, P/L: ($8.83)
14:29:34 ET | HOLDING  | Side: Buy , Qty:   883, P/L: $88.30
14:30:05 ET | HOLDING  | Side: Buy , Qty:   883, P/L: ($79.47)
14:30:35 ET | HOLDING  | Side: Buy , Qty:   883, P/L: ($123.62)
14:31:06 ET | EXIT: CONTRARY SIGNAL (SELL) | Submitting order to close 883 shares.
14:31:37 ET | Polling... | Prediction: Sell
14:32:07 ET | Polling... | Prediction: Sell
14:32:38 ET | Polling... | Prediction: Sell
14:33:08 ET | Polling... | Prediction: Sell
14:33:39 ET | Polling... | Prediction: Sell
14:34:10 ET | Polling... | Prediction: Sell
14:34:40 ET | Polling... | Prediction: Sell
14:35:11 ET | Polling... | Prediction: Sell
14:35:41 ET | Polling... | Prediction: Sell
14:36:12 ET | Polling... | Prediction: Sell
14:36:43 ET | Polling... | Prediction: Sell
14:37:13 ET | Polling... | Prediction: Sell
14:37:44 ET | Polling... | Prediction: Sell
14:38:14 ET | Polling... | Prediction: Sell
14:38:45 ET | Polling... | Prediction: Sell
14:39:16 ET | Polling... | Prediction: Sell
14:39:46 ET | Polling... | Prediction: Sell
14:40:17 ET | Polling... | Prediction: Sell
14:40:47 ET | Polling... | Prediction: Sell
14:41:18 ET | Polling... | Prediction: Sell
14:41:49 ET | Polling... | Prediction: Sell
14:42:19 ET | Polling... | Prediction: Sell
14:42:50 ET | Polling... | Prediction: Sell
14:43:20 ET | Polling... | Prediction: Sell
14:43:51 ET | Polling... | Prediction: Sell
14:44:22 ET | Polling... | Prediction: Sell
14:44:52 ET | Polling... | Prediction: Sell
14:45:23 ET | Polling... | Prediction: Sell
14:45:53 ET | Polling... | Prediction: Sell
14:46:24 ET | Polling... | Prediction: Sell
14:46:55 ET | Polling... | Prediction: Sell
14:47:25 ET | Polling... | Prediction: Sell
14:47:56 ET | Polling... | Prediction: Sell
14:48:26 ET | Polling... | Prediction: Sell
14:48:57 ET | Polling... | Prediction: Sell
14:49:28 ET | Polling... | Prediction: Sell
14:49:58 ET | Polling... | Prediction: Sell
14:50:29 ET | Polling... | Prediction: Sell
14:50:59 ET | Polling... | Prediction: Sell
14:51:30 ET | Polling... | Prediction: Sell
14:52:00 ET | Polling... | Prediction: Sell
14:52:31 ET | Polling... | Prediction: Sell
14:53:02 ET | Polling... | Prediction: Sell
14:53:32 ET | Polling... | Prediction: Sell
14:54:03 ET | Polling... | Prediction: Sell
14:54:33 ET | Polling... | Prediction: Sell
14:55:04 ET | Polling... | Prediction: Sell
14:55:35 ET | Polling... | Prediction: Sell
14:56:05 ET | Polling... | Prediction: Sell
14:56:36 ET | Polling... | Prediction: Sell
14:57:07 ET | Polling... | Prediction: Sell
14:57:37 ET | Polling... | Prediction: Sell
14:58:08 ET | Polling... | Prediction: Sell
14:58:38 ET | Polling... | Prediction: Sell
14:59:09 ET | Polling... | Prediction: Sell
14:59:39 ET | Polling... | Prediction: Sell
15:00:10 ET | Polling... | Prediction: Sell
15:00:41 ET | Polling... | Prediction: Sell
15:01:11 ET | Polling... | Prediction: Sell
15:01:42 ET | Polling... | Prediction: Sell
15:02:12 ET | Polling... | Prediction: Sell
15:02:43 ET | Polling... | Prediction: Sell
15:03:14 ET | Polling... | Prediction: Sell
15:03:44 ET | Polling... | Prediction: Sell
15:04:15 ET | Polling... | Prediction: Sell
15:04:46 ET | Polling... | Prediction: Sell
15:05:16 ET | Polling... | Prediction: Sell
15:05:47 ET | Polling... | Prediction: Sell
15:06:17 ET | Polling... | Prediction: Sell
15:06:48 ET | Polling... | Prediction: Sell
15:07:19 ET | Polling... | Prediction: Sell
15:07:49 ET | Polling... | Prediction: Sell
15:08:20 ET | Polling... | Prediction: Sell
15:08:51 ET | Polling... | Prediction: Sell
15:09:21 ET | Polling... | Prediction: Sell
15:09:52 ET | Polling... | Prediction: Sell
15:10:22 ET | Polling... | Prediction: Sell
15:10:53 ET | Polling... | Prediction: Sell
15:11:23 ET | Polling... | Prediction: Sell
15:11:54 ET | Polling... | Prediction: Sell
15:12:25 ET | Polling... | Prediction: Sell
15:12:55 ET | Polling... | Prediction: Sell
15:13:26 ET | Polling... | Prediction: Sell
15:13:56 ET | Polling... | Prediction: Sell
15:14:27 ET | Polling... | Prediction: Sell
15:14:58 ET | Polling... | Prediction: Sell
15:15:28 ET | Polling... | Prediction: Sell
15:15:59 ET | Polling... | Prediction: Sell
15:16:29 ET | Polling... | Prediction: Sell
15:17:00 ET | Polling... | Prediction: Sell
15:17:31 ET | Polling... | Prediction: Sell
15:18:01 ET | Polling... | Prediction: Sell
15:18:32 ET | Polling... | Prediction: Sell
15:19:02 ET | Polling... | Prediction: Sell
15:19:33 ET | Polling... | Prediction: Sell
15:20:04 ET | Polling... | Prediction: Sell
15:20:34 ET | Polling... | Prediction: Sell
15:21:05 ET | Polling... | Prediction: Buy
15:21:05 ET | SIGNAL: BUY  | Submitting market order for 883 shares.
15:21:36 ET | HOLDING  | Side: Buy , Qty:   883, P/L: $141.28
15:22:06 ET | HOLDING  | Side: Buy , Qty:   883, P/L: $88.30
15:22:37 ET | HOLDING  | Side: Buy , Qty:   883, P/L: $61.81
15:23:08 ET | HOLDING  | Side: Buy , Qty:   883, P/L: $167.77
15:23:38 ET | HOLDING  | Side: Buy , Qty:   883, P/L: $105.96
15:24:09 ET | HOLDING  | Side: Buy , Qty:   883, P/L: $141.28
15:24:39 ET | HOLDING  | Side: Buy , Qty:   883, P/L: $136.87
15:25:10 ET | HOLDING  | Side: Buy , Qty:   883, P/L: $158.94
15:25:40 ET | HOLDING  | Side: Buy , Qty:   883, P/L: $220.75
15:26:11 ET | EXIT: CONTRARY SIGNAL (SELL) | Submitting order to close 883 shares.
15:26:42 ET | Polling... | Prediction: Sell
15:27:12 ET | Polling... | Prediction: Sell
15:27:43 ET | Polling... | Prediction: Sell
15:28:13 ET | Polling... | Prediction: Sell
15:28:44 ET | Polling... | Prediction: Sell
15:29:15 ET | Polling... | Prediction: Sell
15:29:45 ET | Polling... | Prediction: Sell
15:30:16 ET | Polling... | Prediction: Sell
15:30:46 ET | Polling... | Prediction: Sell
15:31:17 ET | Polling... | Prediction: Buy
15:31:17 ET | SIGNAL: BUY  | Submitting market order for 883 shares.
15:31:48 ET | HOLDING  | Side: Buy , Qty:   883, P/L: $35.23
15:32:18 ET | HOLDING  | Side: Buy , Qty:   883, P/L: $61.81
15:32:49 ET | HOLDING  | Side: Buy , Qty:   883, P/L: $141.28
15:33:20 ET | HOLDING  | Side: Buy , Qty:   883, P/L: $70.64
15:33:50 ET | HOLDING  | Side: Buy , Qty:   883, P/L: $158.94
15:34:21 ET | HOLDING  | Side: Buy , Qty:   883, P/L: $194.26
15:34:51 ET | HOLDING  | Side: Buy , Qty:   883, P/L: $317.88
15:35:22 ET | HOLDING  | Side: Buy , Qty:   883, P/L: $459.16
15:35:52 ET | HOLDING  | Side: Buy , Qty:   883, P/L: $317.26
15:36:23 ET | HOLDING  | Side: Buy , Qty:   883, P/L: $379.69
15:36:54 ET | HOLDING  | Side: Buy , Qty:   883, P/L: $300.22
15:37:24 ET | HOLDING  | Side: Buy , Qty:   883, P/L: $309.05
15:37:55 ET | HOLDING  | Side: Buy , Qty:   883, P/L: $362.03
15:38:25 ET | HOLDING  | Side: Buy , Qty:   883, P/L: $423.84
15:38:56 ET | HOLDING  | Side: Buy , Qty:   883, P/L: $410.60
15:39:26 ET | HOLDING  | Side: Buy , Qty:   883, P/L: $388.52
15:39:57 ET | HOLDING  | Side: Buy , Qty:   883, P/L: $432.76
15:40:28 ET | HOLDING  | Side: Buy , Qty:   883, P/L: $450.33
15:40:58 ET | HOLDING  | Side: Buy , Qty:   883, P/L: $494.48
15:41:29 ET | HOLDING  | Side: Buy , Qty:   883, P/L: $476.82
15:41:59 ET | HOLDING  | Side: Buy , Qty:   883, P/L: $538.63
15:42:30 ET | HOLDING  | Side: Buy , Qty:   883, P/L: $565.12
15:43:00 ET | HOLDING  | Side: Buy , Qty:   883, P/L: $618.10
15:43:31 ET | HOLDING  | Side: Buy , Qty:   883, P/L: $626.93
15:44:02 ET | HOLDING  | Side: Buy , Qty:   883, P/L: $644.59
15:44:32 ET | HOLDING  | Side: Buy , Qty:   883, P/L: $724.06
15:45:03 ET | HOLDING  | Side: Buy , Qty:   883, P/L: $768.21
15:45:34 ET | HOLDING  | Side: Buy , Qty:   883, P/L: $874.17
15:46:04 ET | HOLDING  | Side: Buy , Qty:   883, P/L: $830.11
15:46:35 ET | HOLDING  | Side: Buy , Qty:   883, P/L: $803.62
15:47:06 ET | HOLDING  | Side: Buy , Qty:   883, P/L: $918.32
15:47:36 ET | HOLDING  | Side: Buy , Qty:   883, P/L: $935.98
15:48:07 ET | HOLDING  | Side: Buy , Qty:   883, P/L: $953.64
15:48:37 ET | HOLDING  | Side: Buy , Qty:   883, P/L: $918.32
15:49:08 ET | HOLDING  | Side: Buy , Qty:   883, P/L: $1,050.77
15:49:39 ET | HOLDING  | Side: Buy , Qty:   883, P/L: $918.32
15:50:09 ET | HOLDING  | Side: Buy , Qty:   883, P/L: $1,200.88
15:50:40 ET | HOLDING  | Side: Buy , Qty:   883, P/L: $1,205.30
15:51:11 ET | HOLDING  | Side: Buy , Qty:   883, P/L: $1,293.60
15:51:41 ET | HOLDING  | Side: Buy , Qty:   883, P/L: $1,412.80
15:52:12 ET | HOLDING  | Side: Buy , Qty:   883, P/L: $1,359.82
15:52:42 ET | HOLDING  | Side: Buy , Qty:   883, P/L: $1,509.93
15:53:13 ET | HOLDING  | Side: Buy , Qty:   883, P/L: $1,451.21
15:53:44 ET | HOLDING  | Side: Buy , Qty:   883, P/L: $1,377.48
15:54:14 ET | HOLDING  | Side: Buy , Qty:   883, P/L: $1,421.63
15:54:45 ET | HOLDING  | Side: Buy , Qty:   883, P/L: $1,430.46
15:55:15 ET | HOLDING  | Side: Buy , Qty:   883, P/L: $1,651.21
15:55:46 ET | HOLDING  | Side: Buy , Qty:   883, P/L: $1,607.06
15:56:16 ET | HOLDING  | Side: Buy , Qty:   883, P/L: $1,479.03
15:56:47 ET | HOLDING  | Side: Buy , Qty:   883, P/L: $1,562.91
15:57:18 ET | HOLDING  | Side: Buy , Qty:   883, P/L: $1,624.72
15:57:48 ET | HOLDING  | Side: Buy , Qty:   883, P/L: $1,739.51
15:58:19 ET | HOLDING  | Side: Buy , Qty:   883, P/L: $1,580.57
15:58:50 ET | HOLDING  | Side: Buy , Qty:   883, P/L: $1,668.87
Market has closed for the day. Consolidating logs and restarting pre-market wait logic.

Consolidating 2 log file(s) for 2025-09-03...

--- End of trading_log_2025-09-03_13-26-17.log ---
