--- Algorithmic Trading Bot ---
Starting trading engine. Press Ctrl+C to stop.
Market is closed. Waiting for next open in 0d 10h 3m...
Market is closed. Waiting for next open in 0d 10h 2m...
Market is closed. Waiting for next open in 0d 10h 1m...
Market is closed. Waiting for next open in 0d 10h 0m...
Market is closed. Waiting for next open in 0d 9h 59m...
Market is closed. Waiting for next open in 0d 9h 58m...
Market is closed. Waiting for next open in 0d 9h 57m...
Market is closed. Waiting for next open in 0d 9h 56m...
Market is closed. Waiting for next open in 0d 9h 55m...
Market is closed. Waiting for next open in 0d 9h 54m...
Market is closed. Waiting for next open in 0d 9h 53m...
Market is closed. Waiting for next open in 0d 9h 52m...
Market is closed. Waiting for next open in 0d 9h 51m...
Market is closed. Waiting for next open in 0d 9h 50m...
Market is closed. Waiting for next open in 0d 9h 49m...
Market is closed. Waiting for next open in 0d 9h 48m...
Market is closed. Waiting for next open in 0d 9h 47m...
Market is closed. Waiting for next open in 0d 9h 46m...
Market is closed. Waiting for next open in 0d 9h 45m...
Market is closed. Waiting for next open in 0d 9h 44m...
Market is closed. Waiting for next open in 0d 9h 43m...
Market is closed. Waiting for next open in 0d 9h 42m...
Market is closed. Waiting for next open in 0d 9h 41m...
Market is closed. Waiting for next open in 0d 9h 40m...
Market is closed. Waiting for next open in 0d 9h 39m...
Market is closed. Waiting for next open in 0d 9h 38m...
Market is closed. Waiting for next open in 0d 9h 37m...
Market is closed. Waiting for next open in 0d 9h 36m...
Market is closed. Waiting for next open in 0d 9h 35m...
Market is closed. Waiting for next open in 0d 9h 34m...
Market is closed. Waiting for next open in 0d 9h 33m...
Market is closed. Waiting for next open in 0d 9h 32m...
Market is closed. Waiting for next open in 0d 9h 31m...
Market is closed. Waiting for next open in 0d 9h 30m...
Market is closed. Waiting for next open in 0d 9h 29m...
Market is closed. Waiting for next open in 0d 9h 28m...
Market is closed. Waiting for next open in 0d 9h 27m...
Market is closed. Waiting for next open in 0d 9h 26m...
Market is closed. Waiting for next open in 0d 9h 25m...
Market is closed. Waiting for next open in 0d 9h 24m...
Market is closed. Waiting for next open in 0d 9h 23m...
Market is closed. Waiting for next open in 0d 9h 22m...
Market is closed. Waiting for next open in 0d 9h 21m...
Market is closed. Waiting for next open in 0d 9h 20m...
Market is closed. Waiting for next open in 0d 9h 19m...
Market is closed. Waiting for next open in 0d 9h 18m...
Market is closed. Waiting for next open in 0d 9h 17m...
Market is closed. Waiting for next open in 0d 9h 16m...
Market is closed. Waiting for next open in 0d 9h 15m...
Market is closed. Waiting for next open in 0d 9h 14m...
Market is closed. Waiting for next open in 0d 9h 13m...
Market is closed. Waiting for next open in 0d 9h 12m...
Market is closed. Waiting for next open in 0d 9h 11m...
Market is closed. Waiting for next open in 0d 9h 10m...
Market is closed. Waiting for next open in 0d 9h 9m...
Market is closed. Waiting for next open in 0d 9h 8m...
Market is closed. Waiting for next open in 0d 9h 7m...
Market is closed. Waiting for next open in 0d 9h 6m...
Market is closed. Waiting for next open in 0d 9h 5m...
Market is closed. Waiting for next open in 0d 9h 4m...
Market is closed. Waiting for next open in 0d 9h 3m...
Market is closed. Waiting for next open in 0d 9h 2m...
Market is closed. Waiting for next open in 0d 9h 1m...
Market is closed. Waiting for next open in 0d 9h 0m...
Market is closed. Waiting for next open in 0d 8h 59m...
Market is closed. Waiting for next open in 0d 8h 58m...
Market is closed. Waiting for next open in 0d 8h 57m...
Market is closed. Waiting for next open in 0d 8h 56m...
Market is closed. Waiting for next open in 0d 8h 55m...
Market is closed. Waiting for next open in 0d 8h 54m...
Market is closed. Waiting for next open in 0d 8h 53m...
Market is closed. Waiting for next open in 0d 8h 52m...
Market is closed. Waiting for next open in 0d 8h 51m...
Market is closed. Waiting for next open in 0d 8h 50m...
Market is closed. Waiting for next open in 0d 8h 49m...
Market is closed. Waiting for next open in 0d 8h 48m...
Market is closed. Waiting for next open in 0d 8h 47m...
Market is closed. Waiting for next open in 0d 8h 46m...
Market is closed. Waiting for next open in 0d 8h 45m...
Market is closed. Waiting for next open in 0d 8h 44m...
Market is closed. Waiting for next open in 0d 8h 43m...
Market is closed. Waiting for next open in 0d 8h 42m...
Market is closed. Waiting for next open in 0d 8h 41m...
Market is closed. Waiting for next open in 0d 8h 40m...
Market is closed. Waiting for next open in 0d 8h 39m...
Market is closed. Waiting for next open in 0d 8h 38m...
Market is closed. Waiting for next open in 0d 8h 37m...
Market is closed. Waiting for next open in 0d 8h 36m...
Market is closed. Waiting for next open in 0d 8h 35m...
Market is closed. Waiting for next open in 0d 8h 34m...
Market is closed. Waiting for next open in 0d 8h 33m...
Market is closed. Waiting for next open in 0d 8h 32m...
Market is closed. Waiting for next open in 0d 8h 31m...
Market is closed. Waiting for next open in 0d 8h 30m...
Market is closed. Waiting for next open in 0d 8h 29m...
Market is closed. Waiting for next open in 0d 8h 28m...
Market is closed. Waiting for next open in 0d 8h 27m...
Market is closed. Waiting for next open in 0d 8h 26m...
Market is closed. Waiting for next open in 0d 8h 25m...
Market is closed. Waiting for next open in 0d 8h 24m...
Market is closed. Waiting for next open in 0d 8h 23m...
Market is closed. Waiting for next open in 0d 8h 22m...
Market is closed. Waiting for next open in 0d 8h 21m...
Market is closed. Waiting for next open in 0d 8h 20m...
Market is closed. Waiting for next open in 0d 8h 19m...
Market is closed. Waiting for next open in 0d 8h 18m...
Market is closed. Waiting for next open in 0d 8h 17m...
Market is closed. Waiting for next open in 0d 8h 16m...
Market is closed. Waiting for next open in 0d 8h 15m...
Market is closed. Waiting for next open in 0d 8h 14m...
Market is closed. Waiting for next open in 0d 8h 13m...
Market is closed. Waiting for next open in 0d 8h 12m...
Market is closed. Waiting for next open in 0d 8h 11m...
Market is closed. Waiting for next open in 0d 8h 10m...
Market is closed. Waiting for next open in 0d 8h 9m...
Market is closed. Waiting for next open in 0d 8h 8m...
Market is closed. Waiting for next open in 0d 8h 7m...
Market is closed. Waiting for next open in 0d 8h 6m...
Market is closed. Waiting for next open in 0d 8h 5m...
Market is closed. Waiting for next open in 0d 8h 4m...
Market is closed. Waiting for next open in 0d 8h 3m...
Market is closed. Waiting for next open in 0d 8h 2m...
Market is closed. Waiting for next open in 0d 8h 1m...
Market is closed. Waiting for next open in 0d 8h 0m...
Market is closed. Waiting for next open in 0d 7h 59m...
Market is closed. Waiting for next open in 0d 7h 58m...
Market is closed. Waiting for next open in 0d 7h 57m...
Market is closed. Waiting for next open in 0d 7h 56m...
Market is closed. Waiting for next open in 0d 7h 55m...
Market is closed. Waiting for next open in 0d 7h 54m...
Market is closed. Waiting for next open in 0d 7h 53m...
Market is closed. Waiting for next open in 0d 7h 52m...
Market is closed. Waiting for next open in 0d 7h 51m...
Market is closed. Waiting for next open in 0d 7h 50m...
Market is closed. Waiting for next open in 0d 7h 49m...
Market is closed. Waiting for next open in 0d 7h 48m...
Market is closed. Waiting for next open in 0d 7h 47m...
Market is closed. Waiting for next open in 0d 7h 46m...
Market is closed. Waiting for next open in 0d 7h 45m...
Market is closed. Waiting for next open in 0d 7h 44m...
Market is closed. Waiting for next open in 0d 7h 43m...
Market is closed. Waiting for next open in 0d 7h 42m...
Market is closed. Waiting for next open in 0d 7h 41m...
Market is closed. Waiting for next open in 0d 7h 40m...
Market is closed. Waiting for next open in 0d 7h 39m...
Market is closed. Waiting for next open in 0d 7h 38m...
Market is closed. Waiting for next open in 0d 7h 37m...
Market is closed. Waiting for next open in 0d 7h 36m...
Market is closed. Waiting for next open in 0d 7h 35m...
Market is closed. Waiting for next open in 0d 7h 34m...
Market is closed. Waiting for next open in 0d 7h 33m...
Market is closed. Waiting for next open in 0d 7h 32m...
Market is closed. Waiting for next open in 0d 7h 31m...
Market is closed. Waiting for next open in 0d 7h 30m...
Market is closed. Waiting for next open in 0d 7h 29m...
Market is closed. Waiting for next open in 0d 7h 28m...
Market is closed. Waiting for next open in 0d 7h 27m...
Market is closed. Waiting for next open in 0d 7h 26m...
Market is closed. Waiting for next open in 0d 7h 25m...
Market is closed. Waiting for next open in 0d 7h 24m...
Market is closed. Waiting for next open in 0d 7h 23m...
Market is closed. Waiting for next open in 0d 7h 22m...
Market is closed. Waiting for next open in 0d 7h 21m...
Market is closed. Waiting for next open in 0d 7h 20m...
Market is closed. Waiting for next open in 0d 7h 19m...
Market is closed. Waiting for next open in 0d 7h 18m...
Market is closed. Waiting for next open in 0d 7h 17m...
Market is closed. Waiting for next open in 0d 7h 16m...
Market is closed. Waiting for next open in 0d 7h 15m...
Market is closed. Waiting for next open in 0d 7h 14m...
Market is closed. Waiting for next open in 0d 7h 13m...
Market is closed. Waiting for next open in 0d 7h 12m...
Market is closed. Waiting for next open in 0d 7h 11m...
Market is closed. Waiting for next open in 0d 7h 10m...
Market is closed. Waiting for next open in 0d 7h 9m...
Market is closed. Waiting for next open in 0d 7h 8m...
Market is closed. Waiting for next open in 0d 7h 7m...
Market is closed. Waiting for next open in 0d 7h 6m...
Market is closed. Waiting for next open in 0d 7h 5m...
Market is closed. Waiting for next open in 0d 7h 4m...
Market is closed. Waiting for next open in 0d 7h 3m...
Market is closed. Waiting for next open in 0d 7h 2m...
Market is closed. Waiting for next open in 0d 7h 1m...
Market is closed. Waiting for next open in 0d 7h 0m...
Market is closed. Waiting for next open in 0d 6h 59m...
Market is closed. Waiting for next open in 0d 6h 58m...
Market is closed. Waiting for next open in 0d 6h 57m...
Market is closed. Waiting for next open in 0d 6h 56m...
Market is closed. Waiting for next open in 0d 6h 55m...
Market is closed. Waiting for next open in 0d 6h 54m...
Market is closed. Waiting for next open in 0d 6h 53m...
Market is closed. Waiting for next open in 0d 6h 52m...
Market is closed. Waiting for next open in 0d 6h 51m...
Market is closed. Waiting for next open in 0d 6h 50m...
Market is closed. Waiting for next open in 0d 6h 49m...
Market is closed. Waiting for next open in 0d 6h 48m...
Market is closed. Waiting for next open in 0d 6h 47m...
Market is closed. Waiting for next open in 0d 6h 46m...
Market is closed. Waiting for next open in 0d 6h 45m...
Market is closed. Waiting for next open in 0d 6h 44m...
Market is closed. Waiting for next open in 0d 6h 43m...
Market is closed. Waiting for next open in 0d 6h 42m...
Market is closed. Waiting for next open in 0d 6h 41m...
Market is closed. Waiting for next open in 0d 6h 40m...
Market is closed. Waiting for next open in 0d 6h 39m...
Market is closed. Waiting for next open in 0d 6h 38m...
Market is closed. Waiting for next open in 0d 6h 37m...
Market is closed. Waiting for next open in 0d 6h 36m...
Market is closed. Waiting for next open in 0d 6h 35m...
Market is closed. Waiting for next open in 0d 6h 34m...
Market is closed. Waiting for next open in 0d 6h 33m...
Market is closed. Waiting for next open in 0d 6h 32m...
Market is closed. Waiting for next open in 0d 6h 31m...
Market is closed. Waiting for next open in 0d 6h 30m...
Market is closed. Waiting for next open in 0d 6h 29m...
Market is closed. Waiting for next open in 0d 6h 28m...
Market is closed. Waiting for next open in 0d 6h 27m...
Market is closed. Waiting for next open in 0d 6h 26m...
Market is closed. Waiting for next open in 0d 6h 25m...
Market is closed. Waiting for next open in 0d 6h 24m...
Market is closed. Waiting for next open in 0d 6h 23m...
Market is closed. Waiting for next open in 0d 6h 22m...
Market is closed. Waiting for next open in 0d 6h 21m...
Market is closed. Waiting for next open in 0d 6h 20m...
Market is closed. Waiting for next open in 0d 6h 19m...
Market is closed. Waiting for next open in 0d 6h 18m...
Market is closed. Waiting for next open in 0d 6h 17m...
Market is closed. Waiting for next open in 0d 6h 16m...
Market is closed. Waiting for next open in 0d 6h 15m...
Market is closed. Waiting for next open in 0d 6h 14m...
Market is closed. Waiting for next open in 0d 6h 13m...
Market is closed. Waiting for next open in 0d 6h 12m...
Market is closed. Waiting for next open in 0d 6h 11m...
Market is closed. Waiting for next open in 0d 6h 10m...
Market is closed. Waiting for next open in 0d 6h 9m...
Market is closed. Waiting for next open in 0d 6h 8m...
Market is closed. Waiting for next open in 0d 6h 7m...
Market is closed. Waiting for next open in 0d 6h 6m...
Market is closed. Waiting for next open in 0d 6h 5m...
Market is closed. Waiting for next open in 0d 6h 4m...
Market is closed. Waiting for next open in 0d 6h 3m...
Market is closed. Waiting for next open in 0d 6h 2m...
Market is closed. Waiting for next open in 0d 6h 1m...
Market is closed. Waiting for next open in 0d 6h 0m...
Market is closed. Waiting for next open in 0d 5h 59m...
Market is closed. Waiting for next open in 0d 5h 58m...
Market is closed. Waiting for next open in 0d 5h 57m...
Market is closed. Waiting for next open in 0d 5h 56m...
Market is closed. Waiting for next open in 0d 5h 55m...
Market is closed. Waiting for next open in 0d 5h 54m...
Market is closed. Waiting for next open in 0d 5h 53m...
Market is closed. Waiting for next open in 0d 5h 52m...
Market is closed. Waiting for next open in 0d 5h 51m...
Market is closed. Waiting for next open in 0d 5h 50m...
Market is closed. Waiting for next open in 0d 5h 49m...
Market is closed. Waiting for next open in 0d 5h 48m...
Market is closed. Waiting for next open in 0d 5h 47m...
Market is closed. Waiting for next open in 0d 5h 46m...
Market is closed. Waiting for next open in 0d 5h 45m...
Market is closed. Waiting for next open in 0d 5h 44m...
Market is closed. Waiting for next open in 0d 5h 43m...
Market is closed. Waiting for next open in 0d 5h 42m...
Market is closed. Waiting for next open in 0d 5h 41m...
Market is closed. Waiting for next open in 0d 5h 40m...
Market is closed. Waiting for next open in 0d 5h 39m...
Market is closed. Waiting for next open in 0d 5h 38m...
Market is closed. Waiting for next open in 0d 5h 37m...
Market is closed. Waiting for next open in 0d 5h 36m...
Market is closed. Waiting for next open in 0d 5h 35m...
Market is closed. Waiting for next open in 0d 5h 34m...
Market is closed. Waiting for next open in 0d 5h 33m...
Market is closed. Waiting for next open in 0d 5h 32m...
Market is closed. Waiting for next open in 0d 5h 31m...
Market is closed. Waiting for next open in 0d 5h 30m...
Market is closed. Waiting for next open in 0d 5h 29m...
Market is closed. Waiting for next open in 0d 5h 28m...
Market is closed. Waiting for next open in 0d 5h 27m...
Market is closed. Waiting for next open in 0d 5h 26m...
Market is closed. Waiting for next open in 0d 5h 25m...
Market is closed. Waiting for next open in 0d 5h 24m...
Market is closed. Waiting for next open in 0d 5h 23m...
Market is closed. Waiting for next open in 0d 5h 22m...
Market is closed. Waiting for next open in 0d 5h 21m...
Market is closed. Waiting for next open in 0d 5h 20m...
Market is closed. Waiting for next open in 0d 5h 19m...
Market is closed. Waiting for next open in 0d 5h 18m...
Market is closed. Waiting for next open in 0d 5h 17m...
Market is closed. Waiting for next open in 0d 5h 16m...
Market is closed. Waiting for next open in 0d 5h 15m...
Market is closed. Waiting for next open in 0d 5h 14m...
Market is closed. Waiting for next open in 0d 5h 13m...
Market is closed. Waiting for next open in 0d 5h 12m...
Market is closed. Waiting for next open in 0d 5h 11m...
Market is closed. Waiting for next open in 0d 5h 10m...
Market is closed. Waiting for next open in 0d 5h 9m...
Market is closed. Waiting for next open in 0d 5h 8m...
Market is closed. Waiting for next open in 0d 5h 7m...
Market is closed. Waiting for next open in 0d 5h 6m...
Market is closed. Waiting for next open in 0d 5h 5m...
Market is closed. Waiting for next open in 0d 5h 4m...
Market is closed. Waiting for next open in 0d 5h 3m...
Market is closed. Waiting for next open in 0d 5h 2m...
Market is closed. Waiting for next open in 0d 5h 1m...
Market is closed. Waiting for next open in 0d 5h 0m...
Market is closed. Waiting for next open in 0d 4h 59m...
Market is closed. Waiting for next open in 0d 4h 58m...
Market is closed. Waiting for next open in 0d 4h 57m...
Market is closed. Waiting for next open in 0d 4h 56m...
Market is closed. Waiting for next open in 0d 4h 55m...
Market is closed. Waiting for next open in 0d 4h 54m...
Market is closed. Waiting for next open in 0d 4h 53m...
Market is closed. Waiting for next open in 0d 4h 52m...
Market is closed. Waiting for next open in 0d 4h 51m...
Market is closed. Waiting for next open in 0d 4h 50m...
Market is closed. Waiting for next open in 0d 4h 49m...
Market is closed. Waiting for next open in 0d 4h 48m...
Market is closed. Waiting for next open in 0d 4h 47m...
Market is closed. Waiting for next open in 0d 4h 46m...
Market is closed. Waiting for next open in 0d 4h 45m...
Market is closed. Waiting for next open in 0d 4h 44m...
Market is closed. Waiting for next open in 0d 4h 43m...
Market is closed. Waiting for next open in 0d 4h 42m...
Market is closed. Waiting for next open in 0d 4h 41m...
Market is closed. Waiting for next open in 0d 4h 40m...
Market is closed. Waiting for next open in 0d 4h 39m...
Market is closed. Waiting for next open in 0d 4h 38m...
Market is closed. Waiting for next open in 0d 4h 37m...
Market is closed. Waiting for next open in 0d 4h 36m...
Market is closed. Waiting for next open in 0d 4h 35m...
Market is closed. Waiting for next open in 0d 4h 34m...
Market is closed. Waiting for next open in 0d 4h 33m...
Market is closed. Waiting for next open in 0d 4h 32m...
Market is closed. Waiting for next open in 0d 4h 31m...
Market is closed. Waiting for next open in 0d 4h 30m...
Market is closed. Waiting for next open in 0d 4h 29m...
Market is closed. Waiting for next open in 0d 4h 28m...
Market is closed. Waiting for next open in 0d 4h 27m...
Market is closed. Waiting for next open in 0d 4h 26m...
Market is closed. Waiting for next open in 0d 4h 25m...
Market is closed. Waiting for next open in 0d 4h 24m...
Market is closed. Waiting for next open in 0d 4h 23m...
Market is closed. Waiting for next open in 0d 4h 22m...
Market is closed. Waiting for next open in 0d 4h 21m...
Market is closed. Waiting for next open in 0d 4h 20m...
Market is closed. Waiting for next open in 0d 4h 19m...
Market is closed. Waiting for next open in 0d 4h 18m...
Market is closed. Waiting for next open in 0d 4h 17m...
Market is closed. Waiting for next open in 0d 4h 16m...
Market is closed. Waiting for next open in 0d 4h 15m...
Market is closed. Waiting for next open in 0d 4h 14m...
Market is closed. Waiting for next open in 0d 4h 13m...
Market is closed. Waiting for next open in 0d 4h 12m...
Market is closed. Waiting for next open in 0d 4h 11m...
Market is closed. Waiting for next open in 0d 4h 10m...
Market is closed. Waiting for next open in 0d 4h 9m...
Market is closed. Waiting for next open in 0d 4h 8m...
Market is closed. Waiting for next open in 0d 4h 7m...
Market is closed. Waiting for next open in 0d 4h 6m...
Market is closed. Waiting for next open in 0d 4h 5m...
Market is closed. Waiting for next open in 0d 4h 4m...
Market is closed. Waiting for next open in 0d 4h 3m...
Market is closed. Waiting for next open in 0d 4h 2m...
Market is closed. Waiting for next open in 0d 4h 1m...
Market is closed. Waiting for next open in 0d 4h 0m...
Market is closed. Waiting for next open in 0d 3h 59m...
Market is closed. Waiting for next open in 0d 3h 58m...
Market is closed. Waiting for next open in 0d 3h 57m...
Market is closed. Waiting for next open in 0d 3h 56m...
Market is closed. Waiting for next open in 0d 3h 55m...
Market is closed. Waiting for next open in 0d 3h 54m...
Market is closed. Waiting for next open in 0d 3h 53m...
Market is closed. Waiting for next open in 0d 3h 52m...
Market is closed. Waiting for next open in 0d 3h 51m...
Market is closed. Waiting for next open in 0d 3h 50m...
Market is closed. Waiting for next open in 0d 3h 49m...
Market is closed. Waiting for next open in 0d 3h 48m...
Market is closed. Waiting for next open in 0d 3h 47m...
Market is closed. Waiting for next open in 0d 3h 46m...
Market is closed. Waiting for next open in 0d 3h 45m...
Market is closed. Waiting for next open in 0d 3h 44m...
Market is closed. Waiting for next open in 0d 3h 43m...
Market is closed. Waiting for next open in 0d 3h 42m...
Market is closed. Waiting for next open in 0d 3h 41m...
Market is closed. Waiting for next open in 0d 3h 40m...
Market is closed. Waiting for next open in 0d 3h 39m...
Market is closed. Waiting for next open in 0d 3h 38m...
Market is closed. Waiting for next open in 0d 3h 37m...
Market is closed. Waiting for next open in 0d 3h 36m...
Market is closed. Waiting for next open in 0d 3h 35m...
Market is closed. Waiting for next open in 0d 3h 34m...
Market is closed. Waiting for next open in 0d 3h 33m...
Market is closed. Waiting for next open in 0d 3h 32m...
Market is closed. Waiting for next open in 0d 3h 31m...
Market is closed. Waiting for next open in 0d 3h 30m...
Market is closed. Waiting for next open in 0d 3h 29m...
Market is closed. Waiting for next open in 0d 3h 28m...
Market is closed. Waiting for next open in 0d 3h 27m...
Market is closed. Waiting for next open in 0d 3h 26m...
Market is closed. Waiting for next open in 0d 3h 25m...
Market is closed. Waiting for next open in 0d 3h 24m...
Market is closed. Waiting for next open in 0d 3h 23m...
Market is closed. Waiting for next open in 0d 3h 22m...
Market is closed. Waiting for next open in 0d 3h 21m...
Market is closed. Waiting for next open in 0d 3h 20m...
Market is closed. Waiting for next open in 0d 3h 19m...
Market is closed. Waiting for next open in 0d 3h 18m...
Market is closed. Waiting for next open in 0d 3h 17m...
Market is closed. Waiting for next open in 0d 3h 16m...
Market is closed. Waiting for next open in 0d 3h 15m...
Market is closed. Waiting for next open in 0d 3h 14m...
Market is closed. Waiting for next open in 0d 3h 13m...
Market is closed. Waiting for next open in 0d 3h 12m...
Market is closed. Waiting for next open in 0d 3h 11m...
Market is closed. Waiting for next open in 0d 3h 10m...
Market is closed. Waiting for next open in 0d 3h 9m...
Market is closed. Waiting for next open in 0d 3h 8m...
Market is closed. Waiting for next open in 0d 3h 7m...
Market is closed. Waiting for next open in 0d 3h 6m...
Market is closed. Waiting for next open in 0d 3h 5m...
Market is closed. Waiting for next open in 0d 3h 4m...
Market is closed. Waiting for next open in 0d 3h 3m...
Market is closed. Waiting for next open in 0d 3h 2m...
Market is closed. Waiting for next open in 0d 3h 1m...
Market is closed. Waiting for next open in 0d 3h 0m...
Market is closed. Waiting for next open in 0d 2h 59m...
Market is closed. Waiting for next open in 0d 2h 58m...
Market is closed. Waiting for next open in 0d 2h 57m...
Market is closed. Waiting for next open in 0d 2h 56m...
Market is closed. Waiting for next open in 0d 2h 55m...
Market is closed. Waiting for next open in 0d 2h 54m...
Market is closed. Waiting for next open in 0d 2h 53m...
Market is closed. Waiting for next open in 0d 2h 52m...
Market is closed. Waiting for next open in 0d 2h 51m...
Market is closed. Waiting for next open in 0d 2h 50m...
Market is closed. Waiting for next open in 0d 2h 49m...
Market is closed. Waiting for next open in 0d 2h 48m...
Market is closed. Waiting for next open in 0d 2h 47m...
Market is closed. Waiting for next open in 0d 2h 46m...
Market is closed. Waiting for next open in 0d 2h 45m...
Market is closed. Waiting for next open in 0d 2h 44m...
Market is closed. Waiting for next open in 0d 2h 43m...
Market is closed. Waiting for next open in 0d 2h 42m...
Market is closed. Waiting for next open in 0d 2h 41m...
Market is closed. Waiting for next open in 0d 2h 40m...
Market is closed. Waiting for next open in 0d 2h 39m...
Market is closed. Waiting for next open in 0d 2h 38m...
Market is closed. Waiting for next open in 0d 2h 37m...
Market is closed. Waiting for next open in 0d 2h 36m...
Market is closed. Waiting for next open in 0d 2h 35m...
Market is closed. Waiting for next open in 0d 2h 34m...
Market is closed. Waiting for next open in 0d 2h 33m...
Market is closed. Waiting for next open in 0d 2h 32m...
Market is closed. Waiting for next open in 0d 2h 31m...
Market is closed. Waiting for next open in 0d 2h 30m...
Market is closed. Waiting for next open in 0d 2h 29m...
Market is closed. Waiting for next open in 0d 2h 28m...
Market is closed. Waiting for next open in 0d 2h 27m...
Market is closed. Waiting for next open in 0d 2h 26m...
Market is closed. Waiting for next open in 0d 2h 25m...
Market is closed. Waiting for next open in 0d 2h 24m...
Market is closed. Waiting for next open in 0d 2h 23m...
Market is closed. Waiting for next open in 0d 2h 22m...
Market is closed. Waiting for next open in 0d 2h 21m...
Market is closed. Waiting for next open in 0d 2h 20m...
Market is closed. Waiting for next open in 0d 2h 19m...
Market is closed. Waiting for next open in 0d 2h 18m...
Market is closed. Waiting for next open in 0d 2h 17m...
Market is closed. Waiting for next open in 0d 2h 16m...
Market is closed. Waiting for next open in 0d 2h 15m...
Market is closed. Waiting for next open in 0d 2h 14m...
Market is closed. Waiting for next open in 0d 2h 13m...
Market is closed. Waiting for next open in 0d 2h 12m...
Market is closed. Waiting for next open in 0d 2h 11m...
Market is closed. Waiting for next open in 0d 2h 10m...
Market is closed. Waiting for next open in 0d 2h 9m...
Market is closed. Waiting for next open in 0d 2h 8m...
Market is closed. Waiting for next open in 0d 2h 7m...
Market is closed. Waiting for next open in 0d 2h 6m...
Market is closed. Waiting for next open in 0d 2h 5m...
Market is closed. Waiting for next open in 0d 2h 4m...
Market is closed. Waiting for next open in 0d 2h 3m...
Market is closed. Waiting for next open in 0d 2h 2m...
Market is closed. Waiting for next open in 0d 2h 1m...
Market is closed. Waiting for next open in 0d 2h 0m...
Market is closed. Waiting for next open in 0d 1h 59m...
Market is closed. Waiting for next open in 0d 1h 58m...
Market is closed. Waiting for next open in 0d 1h 57m...
Market is closed. Waiting for next open in 0d 1h 56m...
Market is closed. Waiting for next open in 0d 1h 55m...
Market is closed. Waiting for next open in 0d 1h 54m...
Market is closed. Waiting for next open in 0d 1h 53m...
Market is closed. Waiting for next open in 0d 1h 52m...
Market is closed. Waiting for next open in 0d 1h 51m...
Market is closed. Waiting for next open in 0d 1h 50m...
Market is closed. Waiting for next open in 0d 1h 49m...
Market is closed. Waiting for next open in 0d 1h 48m...
Market is closed. Waiting for next open in 0d 1h 47m...
Market is closed. Waiting for next open in 0d 1h 46m...
Market is closed. Waiting for next open in 0d 1h 45m...
Market is closed. Waiting for next open in 0d 1h 44m...
Market is closed. Waiting for next open in 0d 1h 43m...
Market is closed. Waiting for next open in 0d 1h 42m...
Market is closed. Waiting for next open in 0d 1h 41m...
Market is closed. Waiting for next open in 0d 1h 40m...
Market is closed. Waiting for next open in 0d 1h 39m...
Market is closed. Waiting for next open in 0d 1h 38m...
Market is closed. Waiting for next open in 0d 1h 37m...
Market is closed. Waiting for next open in 0d 1h 36m...
Market is closed. Waiting for next open in 0d 1h 35m...
Market is closed. Waiting for next open in 0d 1h 34m...
Market is closed. Waiting for next open in 0d 1h 33m...
Market is closed. Waiting for next open in 0d 1h 32m...
Market is closed. Waiting for next open in 0d 1h 31m...
Market is closed. Waiting for next open in 0d 1h 30m...
Market is closed. Waiting for next open in 0d 1h 29m...
Market is closed. Waiting for next open in 0d 1h 28m...
Market is closed. Waiting for next open in 0d 1h 27m...
Market is closed. Waiting for next open in 0d 1h 26m...
Market is closed. Waiting for next open in 0d 1h 25m...
Market is closed. Waiting for next open in 0d 1h 24m...
Market is closed. Waiting for next open in 0d 1h 23m...
Market is closed. Waiting for next open in 0d 1h 22m...
Market is closed. Waiting for next open in 0d 1h 21m...
Market is closed. Waiting for next open in 0d 1h 20m...
Market is closed. Waiting for next open in 0d 1h 19m...
Market is closed. Waiting for next open in 0d 1h 18m...
Market is closed. Waiting for next open in 0d 1h 17m...
Market is closed. Waiting for next open in 0d 1h 16m...
Market is closed. Waiting for next open in 0d 1h 15m...
Market is closed. Waiting for next open in 0d 1h 14m...
Market is closed. Waiting for next open in 0d 1h 13m...
Market is closed. Waiting for next open in 0d 1h 12m...
Market is closed. Waiting for next open in 0d 1h 11m...
Market is closed. Waiting for next open in 0d 1h 10m...
Market is closed. Waiting for next open in 0d 1h 9m...
Market is closed. Waiting for next open in 0d 1h 8m...
Market is closed. Waiting for next open in 0d 1h 7m...
Market is closed. Waiting for next open in 0d 1h 6m...
Market is closed. Waiting for next open in 0d 1h 5m...
Market is closed. Waiting for next open in 0d 1h 4m...
Market is closed. Waiting for next open in 0d 1h 3m...
Market is closed. Waiting for next open in 0d 1h 2m...
Market is closed. Waiting for next open in 0d 1h 1m...
Market is closed. Waiting for next open in 0d 1h 0m...
Market is closed. Waiting for next open in 0d 0h 59m...
Market is closed. Waiting for next open in 0d 0h 58m...
Market is closed. Waiting for next open in 0d 0h 57m...
Market is closed. Waiting for next open in 0d 0h 56m...
Market is closed. Waiting for next open in 0d 0h 55m...
Market is closed. Waiting for next open in 0d 0h 54m...
Market is closed. Waiting for next open in 0d 0h 53m...
Market is closed. Waiting for next open in 0d 0h 52m...
Market is closed. Waiting for next open in 0d 0h 51m...
Market is closed. Waiting for next open in 0d 0h 50m...
Market is closed. Waiting for next open in 0d 0h 49m...
Market is closed. Waiting for next open in 0d 0h 48m...
Market is closed. Waiting for next open in 0d 0h 47m...
Market is closed. Waiting for next open in 0d 0h 46m...
Market is closed. Waiting for next open in 0d 0h 45m...
Market is closed. Waiting for next open in 0d 0h 44m...
Market is closed. Waiting for next open in 0d 0h 43m...
Market is closed. Waiting for next open in 0d 0h 42m...
Market is closed. Waiting for next open in 0d 0h 41m...
Market is closed. Waiting for next open in 0d 0h 40m...
Market is closed. Waiting for next open in 0d 0h 39m...
Market is closed. Waiting for next open in 0d 0h 38m...
Market is closed. Waiting for next open in 0d 0h 37m...
Market is closed. Waiting for next open in 0d 0h 36m...
Market is closed. Waiting for next open in 0d 0h 35m...
Market is closed. Waiting for next open in 0d 0h 34m...
Market is closed. Waiting for next open in 0d 0h 33m...
Market is closed. Waiting for next open in 0d 0h 32m...
Market is closed. Waiting for next open in 0d 0h 31m...
Market is closed. Waiting for next open in 0d 0h 30m...
Market is closed. Waiting for next open in 0d 0h 29m...
Market is closed. Waiting for next open in 0d 0h 28m...
Market is closed. Waiting for next open in 0d 0h 27m...
Market is closed. Waiting for next open in 0d 0h 26m...
Market is closed. Waiting for next open in 0d 0h 25m...
Market is closed. Waiting for next open in 0d 0h 24m...
Market is closed. Waiting for next open in 0d 0h 23m...
Market is closed. Waiting for next open in 0d 0h 22m...
Market is closed. Waiting for next open in 0d 0h 21m...
Market is closed. Waiting for next open in 0d 0h 20m...
Market is closed. Waiting for next open in 0d 0h 19m...
Market is closed. Waiting for next open in 0d 0h 18m...
Market is closed. Waiting for next open in 0d 0h 17m...
Market is closed. Waiting for next open in 0d 0h 16m...
Market is closed. Waiting for next open in 0d 0h 15m...
Market is closed. Waiting for next open in 0d 0h 14m...
Market is closed. Waiting for next open in 0d 0h 13m...
Market is closed. Waiting for next open in 0d 0h 12m...
Market is closed. Waiting for next open in 0d 0h 11m...
Market is closed. Waiting for next open in 0d 0h 10m...
Market is closed. Waiting for next open in 0d 0h 9m...
Market is closed. Waiting for next open in 0d 0h 8m...
Market is closed. Waiting for next open in 0d 0h 7m...
Market is closed. Waiting for next open in 0d 0h 6m...
Market is closed. Waiting for next open in 0d 0h 5m...
Market is closed. Waiting for next open in 0d 0h 4m...
Market is closed. Waiting for next open in 0d 0h 3m...
Market is closed. Waiting for next open in 0d 0h 2m...
Market is closed. Waiting for next open in 0d 0h 1m...
Market is closed. Waiting for next open in 0d 0h 0m...
Market is open. Starting trading engine...
09:30:50 ET | Polling... | Prediction: Sell
09:30:50 ET | SIGNAL: SELL | Submitting market order for 426 shares.
09:35:52 ET | HOLDING  | Side: Sell, Qty:  -426, P/L:   -0.05%
09:40:53 ET | HOLDING  | Side: Sell, Qty:  -426, P/L:   -0.10%
09:45:54 ET | HOLDING  | Side: Sell, Qty:  -426, P/L:   -0.06%
09:50:56 ET | HOLDING  | Side: Sell, Qty:  -426, P/L:   -0.16%
09:55:57 ET | HOLDING  | Side: Sell, Qty:  -426, P/L:   -0.24%
10:00:58 ET | EXIT: CONTRARY SIGNAL (BUY) | Submitting order to close -426 shares.
10:05:59 ET | Polling... | Prediction: Buy
10:05:59 ET | SIGNAL: BUY  | Submitting market order for 1699 shares.
10:11:00 ET | EXIT: CONTRARY SIGNAL (SELL) | Submitting order to close 1699 shares.
10:16:01 ET | Polling... | Prediction: Sell
10:16:01 ET | SIGNAL: SELL | Submitting market order for 423 shares.
10:21:03 ET | EXIT: CONTRARY SIGNAL (BUY) | Submitting order to close -423 shares.
10:26:04 ET | Polling... | Prediction: Buy
10:26:04 ET | SIGNAL: BUY  | Submitting market order for 1700 shares.
10:31:05 ET | HOLDING  | Side: Buy , Qty:  1700, P/L:    0.04%
10:36:07 ET | EXIT: CONTRARY SIGNAL (SELL) | Submitting order to close 1700 shares.
10:41:08 ET | Polling... | Prediction: Sell
10:41:08 ET | SIGNAL: SELL | Submitting market order for 424 shares.
10:46:09 ET | HOLDING  | Side: Sell, Qty:  -424, P/L:   -0.03%
10:51:10 ET | EXIT: CONTRARY SIGNAL (BUY) | Submitting order to close -424 shares.
10:56:11 ET | Polling... | Prediction: Sell
10:56:11 ET | SIGNAL: SELL | Submitting market order for 424 shares.
11:01:12 ET | EXIT: CONTRARY SIGNAL (BUY) | Submitting order to close -424 shares.
11:06:15 ET | Polling... | Prediction: Hold
11:11:16 ET | Polling... | Prediction: Hold
11:16:17 ET | Polling... | Prediction: Buy
11:16:17 ET | SIGNAL: BUY  | Submitting market order for 1699 shares.
11:21:18 ET | HOLDING  | Side: Buy , Qty:  1699, P/L:   -0.05%
11:26:19 ET | HOLDING  | Side: Buy , Qty:  1699, P/L:   -0.03%
11:31:20 ET | HOLDING  | Side: Buy , Qty:  1699, P/L:   -0.03%
11:36:21 ET | EXIT: CONTRARY SIGNAL (SELL) | Submitting order to close 1699 shares.
11:41:23 ET | Polling... | Prediction: Sell
11:41:23 ET | SIGNAL: SELL | Submitting market order for 423 shares.
11:46:24 ET | HOLDING  | Side: Sell, Qty:  -423, P/L:    0.03%
11:51:25 ET | EXIT: CONTRARY SIGNAL (BUY) | Submitting order to close -423 shares.
11:56:26 ET | Polling... | Prediction: Hold
12:01:27 ET | Polling... | Prediction: Hold
12:06:28 ET | Polling... | Prediction: Hold
12:11:29 ET | Polling... | Prediction: Hold
12:16:30 ET | Polling... | Prediction: Buy
12:16:30 ET | SIGNAL: BUY  | Submitting market order for 1697 shares.
12:21:32 ET | HOLDING  | Side: Buy , Qty:  1697, P/L:   -0.02%
12:26:33 ET | HOLDING  | Side: Buy , Qty:  1697, P/L:   -0.06%
12:31:34 ET | HOLDING  | Side: Buy , Qty:  1697, P/L:   -0.05%
12:36:35 ET | HOLDING  | Side: Buy , Qty:  1697, P/L:   -0.01%
12:41:36 ET | HOLDING  | Side: Buy , Qty:  1697, P/L:   -0.03%
12:46:37 ET | HOLDING  | Side: Buy , Qty:  1697, P/L:   -0.05%
12:51:38 ET | HOLDING  | Side: Buy , Qty:  1697, P/L:   -0.05%
12:56:39 ET | HOLDING  | Side: Buy , Qty:  1697, P/L:   -0.07%
13:01:40 ET | HOLDING  | Side: Buy , Qty:  1697, P/L:   -0.10%
13:06:41 ET | HOLDING  | Side: Buy , Qty:  1697, P/L:   -0.06%
13:11:43 ET | HOLDING  | Side: Buy , Qty:  1697, P/L:   -0.08%
13:16:44 ET | HOLDING  | Side: Buy , Qty:  1697, P/L:   -0.09%
13:21:45 ET | HOLDING  | Side: Buy , Qty:  1697, P/L:   -0.12%
13:26:46 ET | HOLDING  | Side: Buy , Qty:  1697, P/L:   -0.12%
13:31:47 ET | HOLDING  | Side: Buy , Qty:  1697, P/L:   -0.14%
13:36:48 ET | HOLDING  | Side: Buy , Qty:  1697, P/L:   -0.14%
13:41:49 ET | HOLDING  | Side: Buy , Qty:  1697, P/L:   -0.08%
13:46:50 ET | HOLDING  | Side: Buy , Qty:  1697, P/L:   -0.09%
13:51:52 ET | HOLDING  | Side: Buy , Qty:  1697, P/L:   -0.04%
13:56:53 ET | HOLDING  | Side: Buy , Qty:  1697, P/L:   -0.04%
14:01:54 ET | HOLDING  | Side: Buy , Qty:  1697, P/L:   -0.02%
14:06:55 ET | HOLDING  | Side: Buy , Qty:  1697, P/L:    0.00%
14:11:56 ET | HOLDING  | Side: Buy , Qty:  1697, P/L:   -0.03%
14:16:57 ET | HOLDING  | Side: Buy , Qty:  1697, P/L:   -0.03%
14:21:58 ET | HOLDING  | Side: Buy , Qty:  1697, P/L:   -0.07%
14:27:00 ET | HOLDING  | Side: Buy , Qty:  1697, P/L:   -0.06%
14:32:01 ET | HOLDING  | Side: Buy , Qty:  1697, P/L:   -0.08%
14:37:02 ET | HOLDING  | Side: Buy , Qty:  1697, P/L:    0.02%
