--- Algorithmic Trading Bot ---
Starting trading engine. Press Ctrl+C to stop.
Market is open. Starting trading engine...
13:12:39 ET | HOLDING  | Side: Buy , Qty:   418, P/L:    0.00%
Sleeping for 5.00 minutes...
13:17:40 ET | HOLDING  | Side: Buy , Qty:   418, P/L:   -0.03%
Sleeping for 5.00 minutes...
13:22:41 ET | HOLDING  | Side: Buy , Qty:   418, P/L:   -0.04%
Sleeping for 5.00 minutes...
13:27:42 ET | HOLDING  | Side: Buy , Qty:   418, P/L:   -0.10%
Sleeping for 5.00 minutes...
13:32:43 ET | HOLDING  | Side: Buy , Qty:   418, P/L:   -0.14%
Sleeping for 5.00 minutes...
13:37:47 ET | HOLDING  | Side: Buy , Qty:   418, P/L:   -0.22%
Sleeping for 5.00 minutes...
13:42:48 ET | HOLDING  | Side: Buy , Qty:   418, P/L:   -0.24%
Sleeping for 5.00 minutes...
13:47:49 ET | HOLDING  | Side: Buy , Qty:   418, P/L:   -0.21%
Sleeping for 5.00 minutes...
13:52:50 ET | EXIT: CONTRARY SIGNAL (SELL) | Submitting order to close 418 shares.
Sleeping for 5.00 minutes...
13:57:51 ET | Polling... | Prediction: Hold
Sleeping for 5.00 minutes...
14:02:52 ET | Polling... | Prediction: Sell
14:02:52 ET | SIGNAL: SELL | Submitting market order for 418 shares.
Sleeping for 5.00 minutes...
14:07:53 ET | HOLDING  | Side: Sell, Qty:  -418, P/L:   -0.08%
Sleeping for 5.00 minutes...
14:12:54 ET | HOLDING  | Side: Sell, Qty:  -418, P/L:    0.00%
Sleeping for 5.00 minutes...
14:17:55 ET | HOLDING  | Side: Sell, Qty:  -418, P/L:   -0.05%
Sleeping for 5.00 minutes...
14:22:56 ET | HOLDING  | Side: Sell, Qty:  -418, P/L:    0.00%
Sleeping for 5.00 minutes...
14:27:57 ET | HOLDING  | Side: Sell, Qty:  -418, P/L:   -0.01%
Sleeping for 5.00 minutes...
14:32:58 ET | HOLDING  | Side: Sell, Qty:  -418, P/L:   -0.03%
Sleeping for 5.00 minutes...
14:37:59 ET | HOLDING  | Side: Sell, Qty:  -418, P/L:   -0.06%
Sleeping for 5.00 minutes...
14:43:00 ET | HOLDING  | Side: Sell, Qty:  -418, P/L:   -0.01%
Sleeping for 5.00 minutes...
14:48:01 ET | HOLDING  | Side: Sell, Qty:  -418, P/L:   -0.08%
Sleeping for 5.00 minutes...
14:53:02 ET | HOLDING  | Side: Sell, Qty:  -418, P/L:   -0.09%
Sleeping for 5.00 minutes...
14:58:03 ET | HOLDING  | Side: Sell, Qty:  -418, P/L:   -0.11%
Sleeping for 5.00 minutes...
15:03:04 ET | HOLDING  | Side: Sell, Qty:  -418, P/L:   -0.04%
Sleeping for 5.00 minutes...
15:08:05 ET | HOLDING  | Side: Sell, Qty:  -418, P/L:   -0.07%
Sleeping for 5.00 minutes...
15:13:06 ET | HOLDING  | Side: Sell, Qty:  -418, P/L:   -0.05%
Sleeping for 5.00 minutes...
15:18:07 ET | HOLDING  | Side: Sell, Qty:  -418, P/L:   -0.03%
Sleeping for 5.00 minutes...
15:23:08 ET | HOLDING  | Side: Sell, Qty:  -418, P/L:    0.00%
Sleeping for 5.00 minutes...
15:28:09 ET | HOLDING  | Side: Sell, Qty:  -418, P/L:    0.07%
Sleeping for 5.00 minutes...
15:33:10 ET | HOLDING  | Side: Sell, Qty:  -418, P/L:    0.07%
Sleeping for 5.00 minutes...
15:38:11 ET | HOLDING  | Side: Sell, Qty:  -418, P/L:    0.09%
Sleeping for 5.00 minutes...
15:43:12 ET | HOLDING  | Side: Sell, Qty:  -418, P/L:    0.09%
Sleeping for 5.00 minutes...
15:48:13 ET | HOLDING  | Side: Sell, Qty:  -418, P/L:    0.13%
Sleeping for 5.00 minutes...
15:53:14 ET | HOLDING  | Side: Sell, Qty:  -418, P/L:    0.05%
Sleeping for 5.00 minutes...
15:58:15 ET | HOLDING  | Side: Sell, Qty:  -418, P/L:    0.08%
Sleeping for 1.66 minutes...
15:59:56 ET | EXIT: END OF DAY LIQUIDATION | Submitting order to close -418 shares.
Sleeping for 5.00 minutes...
Market has closed for the day. Consolidating logs and restarting pre-market wait logic.

Consolidating 1 log file(s) for 2025-09-18...

--- End of trading_log_2025-09-18_13-12-38.log ---
