--- Algorithmic Trading Bot ---
Starting trading engine. Press Ctrl+C to stop.
Market is open. Starting trading engine...
09:31:30 ET | Polling... | Prediction: Hold
09:32:01 ET | Polling... | Prediction: Hold
09:32:32 ET | Polling... | Prediction: Hold
09:33:03 ET | Polling... | Prediction: Hold
09:33:33 ET | Polling... | Prediction: Hold
09:34:04 ET | Polling... | Prediction: Hold
09:34:34 ET | Polling... | Prediction: Hold
09:35:05 ET | Polling... | Prediction: Hold
09:35:36 ET | Polling... | Prediction: Hold
09:36:06 ET | Polling... | Prediction: Hold
09:36:37 ET | Polling... | Prediction: Hold
09:37:08 ET | Polling... | Prediction: Hold
09:37:38 ET | Polling... | Prediction: Hold
09:38:09 ET | Polling... | Prediction: Hold
09:38:39 ET | Polling... | Prediction: Hold
09:39:10 ET | Polling... | Prediction: Hold
09:39:40 ET | Polling... | Prediction: Hold
09:40:11 ET | Polling... | Prediction: Hold
09:40:41 ET | Polling... | Prediction: Hold
09:41:12 ET | Polling... | Prediction: Hold
09:41:42 ET | Polling... | Prediction: Hold
09:42:13 ET | Polling... | Prediction: Hold
09:42:43 ET | Polling... | Prediction: Hold
09:43:14 ET | Polling... | Prediction: Hold
09:43:44 ET | Polling... | Prediction: Hold
09:44:15 ET | Polling... | Prediction: Hold
09:44:46 ET | Polling... | Prediction: Hold
09:45:16 ET | Polling... | Prediction: Hold
09:45:47 ET | Polling... | Prediction: Hold
09:46:17 ET | Polling... | Prediction: Hold
09:46:48 ET | Polling... | Prediction: Hold
09:47:18 ET | Polling... | Prediction: Hold
09:47:49 ET | Polling... | Prediction: Hold
09:48:20 ET | Polling... | Prediction: Hold
09:48:50 ET | Polling... | Prediction: Hold
09:49:21 ET | Polling... | Prediction: Hold
09:49:51 ET | Polling... | Prediction: Hold
09:50:22 ET | Polling... | Prediction: Hold
09:50:52 ET | Polling... | Prediction: Hold
09:51:23 ET | Polling... | Prediction: Hold
09:51:53 ET | Polling... | Prediction: Hold
09:52:24 ET | Polling... | Prediction: Hold
09:52:54 ET | Polling... | Prediction: Hold
09:53:25 ET | Polling... | Prediction: Hold
09:53:55 ET | Polling... | Prediction: Hold
09:54:26 ET | Polling... | Prediction: Hold
09:54:56 ET | Polling... | Prediction: Hold
09:55:27 ET | Polling... | Prediction: Hold
09:55:58 ET | Polling... | Prediction: Hold
09:56:28 ET | Polling... | Prediction: Hold
09:56:59 ET | Polling... | Prediction: Hold
09:57:29 ET | Polling... | Prediction: Hold
09:58:00 ET | Polling... | Prediction: Hold
09:58:30 ET | Polling... | Prediction: Hold
09:59:01 ET | Polling... | Prediction: Hold
09:59:31 ET | Polling... | Prediction: Hold
10:00:02 ET | Polling... | Prediction: Hold
10:00:32 ET | Polling... | Prediction: Hold
10:01:03 ET | Polling... | Prediction: Hold
10:01:34 ET | Polling... | Prediction: Hold
10:02:05 ET | Polling... | Prediction: Hold
10:02:36 ET | Polling... | Prediction: Hold
10:03:06 ET | Polling... | Prediction: Hold
10:03:37 ET | Polling... | Prediction: Hold
10:04:08 ET | Polling... | Prediction: Hold
10:04:38 ET | Polling... | Prediction: Hold
10:05:09 ET | Polling... | Prediction: Hold
10:05:39 ET | Polling... | Prediction: Hold
10:06:10 ET | Polling... | Prediction: Hold
10:06:40 ET | Polling... | Prediction: Hold
10:07:11 ET | Polling... | Prediction: Hold
10:07:41 ET | Polling... | Prediction: Hold
10:08:12 ET | Polling... | Prediction: Hold
10:08:42 ET | Polling... | Prediction: Hold
10:09:13 ET | Polling... | Prediction: Hold
10:09:43 ET | Polling... | Prediction: Hold
10:10:14 ET | Polling... | Prediction: Hold
10:10:45 ET | Polling... | Prediction: Hold
10:11:15 ET | Polling... | Prediction: Hold
10:11:46 ET | Polling... | Prediction: Hold
10:12:16 ET | Polling... | Prediction: Hold
10:12:47 ET | Polling... | Prediction: Hold
10:13:17 ET | Polling... | Prediction: Hold
10:13:47 ET | Polling... | Prediction: Hold
10:14:18 ET | Polling... | Prediction: Hold
10:14:48 ET | Polling... | Prediction: Hold
10:15:19 ET | Polling... | Prediction: Hold
10:15:49 ET | Polling... | Prediction: Hold
10:16:20 ET | Polling... | Prediction: Hold
10:16:51 ET | Polling... | Prediction: Hold
10:17:21 ET | Polling... | Prediction: Hold
10:17:52 ET | Polling... | Prediction: Hold
10:18:22 ET | Polling... | Prediction: Hold
10:18:53 ET | Polling... | Prediction: Hold
10:19:23 ET | Polling... | Prediction: Hold
10:19:54 ET | Polling... | Prediction: Hold
10:20:24 ET | Polling... | Prediction: Hold
10:20:54 ET | Polling... | Prediction: Hold
10:21:25 ET | Polling... | Prediction: Hold
10:21:55 ET | Polling... | Prediction: Hold
10:22:26 ET | Polling... | Prediction: Hold
10:22:57 ET | Polling... | Prediction: Hold
10:23:27 ET | Polling... | Prediction: Hold
10:23:58 ET | Polling... | Prediction: Hold
10:24:28 ET | Polling... | Prediction: Hold
10:24:59 ET | Polling... | Prediction: Hold
10:25:29 ET | Polling... | Prediction: Hold
10:25:59 ET | Polling... | Prediction: Hold
10:26:30 ET | Polling... | Prediction: Hold
10:27:00 ET | Polling... | Prediction: Hold
10:27:31 ET | Polling... | Prediction: Hold
10:28:02 ET | Polling... | Prediction: Hold
10:28:32 ET | Polling... | Prediction: Hold
10:29:02 ET | Polling... | Prediction: Hold
10:29:33 ET | Polling... | Prediction: Hold
10:30:03 ET | Polling... | Prediction: Hold
10:30:34 ET | Polling... | Prediction: Hold
10:31:05 ET | Polling... | Prediction: Hold
10:31:35 ET | Polling... | Prediction: Hold
10:32:06 ET | Polling... | Prediction: Hold
10:32:36 ET | Polling... | Prediction: Hold
10:33:07 ET | Polling... | Prediction: Hold
10:33:37 ET | Polling... | Prediction: Hold
10:34:08 ET | Polling... | Prediction: Hold
10:34:38 ET | Polling... | Prediction: Hold
10:35:09 ET | Polling... | Prediction: Hold
10:35:40 ET | Polling... | Prediction: Hold
10:36:10 ET | Polling... | Prediction: Hold
10:36:41 ET | Polling... | Prediction: Hold
10:37:11 ET | Polling... | Prediction: Hold
10:37:42 ET | Polling... | Prediction: Hold
10:38:12 ET | Polling... | Prediction: Hold
10:38:43 ET | Polling... | Prediction: Hold
10:39:13 ET | Polling... | Prediction: Hold
10:39:44 ET | Polling... | Prediction: Hold
10:40:14 ET | Polling... | Prediction: Hold
10:40:45 ET | Polling... | Prediction: Hold
10:41:16 ET | Polling... | Prediction: Hold
10:41:46 ET | Polling... | Prediction: Hold
10:42:17 ET | Polling... | Prediction: Hold
10:42:47 ET | Polling... | Prediction: Hold
10:43:18 ET | Polling... | Prediction: Hold
10:43:48 ET | Polling... | Prediction: Hold
10:44:19 ET | Polling... | Prediction: Hold
10:44:50 ET | Polling... | Prediction: Hold
10:45:20 ET | Polling... | Prediction: Hold
10:45:51 ET | Polling... | Prediction: Hold
10:46:21 ET | Polling... | Prediction: Hold
10:46:52 ET | Polling... | Prediction: Hold
10:47:22 ET | Polling... | Prediction: Hold
10:47:53 ET | Polling... | Prediction: Hold
10:48:24 ET | Polling... | Prediction: Hold
10:48:54 ET | Polling... | Prediction: Hold
10:49:25 ET | Polling... | Prediction: Hold
10:49:55 ET | Polling... | Prediction: Hold
10:50:26 ET | Polling... | Prediction: Hold
10:50:56 ET | Polling... | Prediction: Hold
10:51:26 ET | Polling... | Prediction: Hold
10:51:57 ET | Polling... | Prediction: Hold
10:52:28 ET | Polling... | Prediction: Hold
10:52:58 ET | Polling... | Prediction: Hold
10:53:29 ET | Polling... | Prediction: Hold
10:53:59 ET | Polling... | Prediction: Hold
10:54:30 ET | Polling... | Prediction: Hold
10:55:00 ET | Polling... | Prediction: Hold
10:55:31 ET | Polling... | Prediction: Hold
10:56:01 ET | Polling... | Prediction: Hold
10:56:32 ET | Polling... | Prediction: Hold
10:57:02 ET | Polling... | Prediction: Hold
10:57:32 ET | Polling... | Prediction: Hold
10:58:03 ET | Polling... | Prediction: Hold
10:58:33 ET | Polling... | Prediction: Hold
10:59:04 ET | Polling... | Prediction: Hold
10:59:35 ET | Polling... | Prediction: Hold
11:00:05 ET | Polling... | Prediction: Hold
11:00:36 ET | Polling... | Prediction: Hold
11:01:07 ET | Polling... | Prediction: Hold
11:01:38 ET | Polling... | Prediction: Hold
11:02:08 ET | Polling... | Prediction: Hold
11:02:39 ET | Polling... | Prediction: Hold
11:03:10 ET | Polling... | Prediction: Hold
11:03:40 ET | Polling... | Prediction: Hold
11:04:11 ET | Polling... | Prediction: Hold
11:04:41 ET | Polling... | Prediction: Hold
11:05:12 ET | Polling... | Prediction: Hold
11:05:42 ET | Polling... | Prediction: Hold
11:06:13 ET | Polling... | Prediction: Hold
11:06:43 ET | Polling... | Prediction: Hold
11:07:14 ET | Polling... | Prediction: Hold
11:07:44 ET | Polling... | Prediction: Hold
11:08:15 ET | Polling... | Prediction: Hold
11:08:45 ET | Polling... | Prediction: Hold
11:09:16 ET | Polling... | Prediction: Hold
11:09:47 ET | Polling... | Prediction: Hold
11:10:17 ET | Polling... | Prediction: Hold
11:10:48 ET | Polling... | Prediction: Hold
11:11:18 ET | Polling... | Prediction: Hold
11:11:49 ET | Polling... | Prediction: Hold
11:12:19 ET | Polling... | Prediction: Hold
11:12:50 ET | Polling... | Prediction: Hold
11:13:20 ET | Polling... | Prediction: Hold
11:13:51 ET | Polling... | Prediction: Hold
11:14:22 ET | Polling... | Prediction: Hold
11:14:52 ET | Polling... | Prediction: Hold
11:15:23 ET | Polling... | Prediction: Hold
11:15:53 ET | Polling... | Prediction: Hold
11:16:24 ET | Polling... | Prediction: Hold
11:16:55 ET | Polling... | Prediction: Hold
11:17:25 ET | Polling... | Prediction: Hold
11:17:55 ET | Polling... | Prediction: Hold
11:18:26 ET | Polling... | Prediction: Hold
11:18:57 ET | Polling... | Prediction: Hold
11:19:27 ET | Polling... | Prediction: Hold
11:19:58 ET | Polling... | Prediction: Hold
11:20:28 ET | Polling... | Prediction: Hold
11:20:59 ET | Polling... | Prediction: Hold
11:21:29 ET | Polling... | Prediction: Hold
11:22:00 ET | Polling... | Prediction: Hold
11:22:30 ET | Polling... | Prediction: Hold
11:23:00 ET | Polling... | Prediction: Hold
11:23:31 ET | Polling... | Prediction: Hold
11:24:02 ET | Polling... | Prediction: Hold
11:24:32 ET | Polling... | Prediction: Hold
11:25:03 ET | Polling... | Prediction: Hold
11:25:33 ET | Polling... | Prediction: Hold
11:26:04 ET | Polling... | Prediction: Hold
11:26:35 ET | Polling... | Prediction: Hold
11:27:05 ET | Polling... | Prediction: Hold
11:27:36 ET | Polling... | Prediction: Hold
11:28:06 ET | Polling... | Prediction: Hold
11:28:37 ET | Polling... | Prediction: Hold
11:29:07 ET | Polling... | Prediction: Hold
11:29:38 ET | Polling... | Prediction: Hold
11:30:08 ET | Polling... | Prediction: Hold
11:30:38 ET | Polling... | Prediction: Hold
11:31:09 ET | Polling... | Prediction: Hold
11:31:39 ET | Polling... | Prediction: Hold
11:32:10 ET | Polling... | Prediction: Hold
11:32:41 ET | Polling... | Prediction: Hold
11:33:11 ET | Polling... | Prediction: Hold
11:33:42 ET | Polling... | Prediction: Hold
11:34:12 ET | Polling... | Prediction: Hold
11:34:43 ET | Polling... | Prediction: Hold
11:35:13 ET | Polling... | Prediction: Hold
11:35:44 ET | Polling... | Prediction: Hold
11:36:14 ET | Polling... | Prediction: Hold
11:36:45 ET | Polling... | Prediction: Hold
11:37:15 ET | Polling... | Prediction: Hold
11:37:46 ET | Polling... | Prediction: Hold
11:38:16 ET | Polling... | Prediction: Hold
11:38:47 ET | Polling... | Prediction: Hold
11:39:17 ET | Polling... | Prediction: Hold
11:39:48 ET | Polling... | Prediction: Hold
11:40:18 ET | Polling... | Prediction: Hold
11:40:49 ET | Polling... | Prediction: Hold
11:41:19 ET | Polling... | Prediction: Hold
11:41:50 ET | Polling... | Prediction: Hold
11:42:20 ET | Polling... | Prediction: Hold
11:42:51 ET | Polling... | Prediction: Hold
11:43:21 ET | Polling... | Prediction: Hold
11:43:52 ET | Polling... | Prediction: Hold
11:44:22 ET | Polling... | Prediction: Hold
11:44:53 ET | Polling... | Prediction: Hold
11:45:23 ET | Polling... | Prediction: Hold
11:45:54 ET | Polling... | Prediction: Hold
11:46:24 ET | Polling... | Prediction: Hold
11:46:55 ET | Polling... | Prediction: Hold
11:47:25 ET | Polling... | Prediction: Hold
11:47:56 ET | Polling... | Prediction: Hold
11:48:26 ET | Polling... | Prediction: Hold
11:48:56 ET | Polling... | Prediction: Hold
11:49:27 ET | Polling... | Prediction: Hold
11:49:57 ET | Polling... | Prediction: Hold
11:50:28 ET | Polling... | Prediction: Hold
11:50:58 ET | Polling... | Prediction: Hold
11:51:29 ET | Polling... | Prediction: Hold
11:51:59 ET | Polling... | Prediction: Hold
11:52:30 ET | Polling... | Prediction: Hold
11:53:01 ET | Polling... | Prediction: Hold
11:53:31 ET | Polling... | Prediction: Hold
11:54:01 ET | Polling... | Prediction: Hold
11:54:32 ET | Polling... | Prediction: Hold
11:55:02 ET | Polling... | Prediction: Hold
11:55:33 ET | Polling... | Prediction: Hold
11:56:03 ET | Polling... | Prediction: Hold
11:56:34 ET | Polling... | Prediction: Hold
11:57:04 ET | Polling... | Prediction: Hold
11:57:35 ET | Polling... | Prediction: Hold
11:58:05 ET | Polling... | Prediction: Hold
11:58:36 ET | Polling... | Prediction: Hold
11:59:06 ET | Polling... | Prediction: Hold
11:59:37 ET | Polling... | Prediction: Hold
12:00:07 ET | Polling... | Prediction: Hold
12:00:38 ET | Polling... | Prediction: Hold
12:01:08 ET | Polling... | Prediction: Hold
12:01:39 ET | Polling... | Prediction: Hold
12:02:09 ET | Polling... | Prediction: Hold
12:02:40 ET | Polling... | Prediction: Hold
12:03:10 ET | Polling... | Prediction: Hold
12:03:41 ET | Polling... | Prediction: Hold
12:04:11 ET | Polling... | Prediction: Hold
12:04:42 ET | Polling... | Prediction: Hold
12:05:13 ET | Polling... | Prediction: Hold
12:05:43 ET | Polling... | Prediction: Hold
12:06:13 ET | Polling... | Prediction: Hold
12:06:44 ET | Polling... | Prediction: Hold
12:07:14 ET | Polling... | Prediction: Hold
12:07:45 ET | Polling... | Prediction: Hold
12:08:15 ET | Polling... | Prediction: Hold
12:08:46 ET | Polling... | Prediction: Hold
12:09:16 ET | Polling... | Prediction: Hold
12:09:47 ET | Polling... | Prediction: Hold
12:10:18 ET | Polling... | Prediction: Hold
12:10:48 ET | Polling... | Prediction: Hold
12:11:19 ET | Polling... | Prediction: Hold
12:11:49 ET | Polling... | Prediction: Hold
12:12:20 ET | Polling... | Prediction: Hold
12:12:50 ET | Polling... | Prediction: Hold
12:13:21 ET | Polling... | Prediction: Hold
12:13:51 ET | Polling... | Prediction: Hold
12:14:22 ET | Polling... | Prediction: Hold
12:14:52 ET | Polling... | Prediction: Hold
12:15:23 ET | Polling... | Prediction: Hold
12:15:53 ET | Polling... | Prediction: Hold
12:16:24 ET | Polling... | Prediction: Buy
12:16:24 ET | SIGNAL: BUY  | Submitting market order for 891 shares.
12:16:55 ET | HOLDING  | Side: Buy , Qty:   891, P/L: $90.23
12:17:26 ET | HOLDING  | Side: Buy , Qty:   891, P/L: $125.87
12:17:56 ET | HOLDING  | Side: Buy , Qty:   891, P/L: $103.60
12:18:26 ET | HOLDING  | Side: Buy , Qty:   891, P/L: $116.96
12:18:57 ET | HOLDING  | Side: Buy , Qty:   891, P/L: $18.95
12:19:27 ET | HOLDING  | Side: Buy , Qty:   891, P/L: $107.25
12:19:58 ET | HOLDING  | Side: Buy , Qty:   891, P/L: $263.98
12:20:28 ET | HOLDING  | Side: Buy , Qty:   891, P/L: $125.78
12:20:59 ET | HOLDING  | Side: Buy , Qty:   891, P/L: $241.70
12:21:29 ET | EXIT: CONTRARY SIGNAL (SELL) | Submitting order to close 891 shares.
12:22:00 ET | Polling... | Prediction: Sell
12:22:00 ET | SIGNAL: SELL | Submitting market order for 892 shares.
An error occurred in the trading loop: Response status code does not indicate success: 403 (Forbidden).
12:22:30 ET | Polling... | Prediction: Sell
12:22:30 ET | SIGNAL: SELL | Submitting market order for 892 shares.
An error occurred in the trading loop: Response status code does not indicate success: 403 (Forbidden).
12:23:01 ET | Polling... | Prediction: Sell
12:23:01 ET | SIGNAL: SELL | Submitting market order for 892 shares.
An error occurred in the trading loop: Response status code does not indicate success: 403 (Forbidden).
12:23:32 ET | Polling... | Prediction: Sell
12:23:32 ET | SIGNAL: SELL | Submitting market order for 892 shares.
An error occurred in the trading loop: Response status code does not indicate success: 403 (Forbidden).
12:24:03 ET | Polling... | Prediction: Sell
12:24:03 ET | SIGNAL: SELL | Submitting market order for 892 shares.
An error occurred in the trading loop: Response status code does not indicate success: 403 (Forbidden).
12:24:34 ET | Polling... | Prediction: Sell
12:24:34 ET | SIGNAL: SELL | Submitting market order for 892 shares.
An error occurred in the trading loop: Response status code does not indicate success: 403 (Forbidden).
12:25:04 ET | Polling... | Prediction: Sell
12:25:04 ET | SIGNAL: SELL | Submitting market order for 892 shares.
An error occurred in the trading loop: Response status code does not indicate success: 403 (Forbidden).
12:25:35 ET | Polling... | Prediction: Sell
12:25:35 ET | SIGNAL: SELL | Submitting market order for 892 shares.
An error occurred in the trading loop: Response status code does not indicate success: 403 (Forbidden).
12:26:06 ET | Polling... | Prediction: Sell
12:26:06 ET | SIGNAL: SELL | Submitting market order for 893 shares.
An error occurred in the trading loop: Response status code does not indicate success: 403 (Forbidden).
12:26:37 ET | Polling... | Prediction: Sell
12:26:37 ET | SIGNAL: SELL | Submitting market order for 893 shares.
An error occurred in the trading loop: Response status code does not indicate success: 403 (Forbidden).
12:27:08 ET | Polling... | Prediction: Sell
12:27:08 ET | SIGNAL: SELL | Submitting market order for 892 shares.
An error occurred in the trading loop: Response status code does not indicate success: 403 (Forbidden).
12:27:39 ET | Polling... | Prediction: Sell
12:27:39 ET | SIGNAL: SELL | Submitting market order for 892 shares.
An error occurred in the trading loop: Response status code does not indicate success: 403 (Forbidden).
12:28:10 ET | Polling... | Prediction: Sell
12:28:10 ET | SIGNAL: SELL | Submitting market order for 892 shares.
An error occurred in the trading loop: Response status code does not indicate success: 403 (Forbidden).
12:28:40 ET | Polling... | Prediction: Sell
12:28:40 ET | SIGNAL: SELL | Submitting market order for 892 shares.
An error occurred in the trading loop: Response status code does not indicate success: 403 (Forbidden).
12:29:11 ET | Polling... | Prediction: Sell
12:29:11 ET | SIGNAL: SELL | Submitting market order for 892 shares.
An error occurred in the trading loop: Response status code does not indicate success: 403 (Forbidden).
12:29:42 ET | Polling... | Prediction: Sell
12:29:42 ET | SIGNAL: SELL | Submitting market order for 892 shares.
An error occurred in the trading loop: Response status code does not indicate success: 403 (Forbidden).
12:30:13 ET | Polling... | Prediction: Sell
12:30:13 ET | SIGNAL: SELL | Submitting market order for 892 shares.
An error occurred in the trading loop: Response status code does not indicate success: 403 (Forbidden).
12:30:44 ET | Polling... | Prediction: Sell
12:30:44 ET | SIGNAL: SELL | Submitting market order for 892 shares.
An error occurred in the trading loop: Response status code does not indicate success: 403 (Forbidden).
12:31:15 ET | Polling... | Prediction: Sell
12:31:15 ET | SIGNAL: SELL | Submitting market order for 892 shares.
An error occurred in the trading loop: Response status code does not indicate success: 403 (Forbidden).
12:31:46 ET | Polling... | Prediction: Sell
12:31:46 ET | SIGNAL: SELL | Submitting market order for 892 shares.
An error occurred in the trading loop: Response status code does not indicate success: 403 (Forbidden).
12:32:17 ET | Polling... | Prediction: Sell
12:32:17 ET | SIGNAL: SELL | Submitting market order for 892 shares.
An error occurred in the trading loop: Response status code does not indicate success: 403 (Forbidden).
12:32:47 ET | Polling... | Prediction: Sell
12:32:47 ET | SIGNAL: SELL | Submitting market order for 892 shares.
An error occurred in the trading loop: Response status code does not indicate success: 403 (Forbidden).
12:33:19 ET | Polling... | Prediction: Sell
12:33:19 ET | SIGNAL: SELL | Submitting market order for 892 shares.
An error occurred in the trading loop: Response status code does not indicate success: 403 (Forbidden).
12:33:49 ET | Polling... | Prediction: Sell
12:33:49 ET | SIGNAL: SELL | Submitting market order for 892 shares.
An error occurred in the trading loop: Response status code does not indicate success: 403 (Forbidden).
12:34:20 ET | Polling... | Prediction: Sell
12:34:20 ET | SIGNAL: SELL | Submitting market order for 892 shares.
An error occurred in the trading loop: Response status code does not indicate success: 403 (Forbidden).
12:34:51 ET | Polling... | Prediction: Sell
12:34:51 ET | SIGNAL: SELL | Submitting market order for 892 shares.
An error occurred in the trading loop: Response status code does not indicate success: 403 (Forbidden).
12:35:22 ET | Polling... | Prediction: Sell
12:35:22 ET | SIGNAL: SELL | Submitting market order for 892 shares.
An error occurred in the trading loop: Response status code does not indicate success: 403 (Forbidden).
12:35:53 ET | Polling... | Prediction: Sell
12:35:53 ET | SIGNAL: SELL | Submitting market order for 892 shares.
An error occurred in the trading loop: Response status code does not indicate success: 403 (Forbidden).
12:36:24 ET | Polling... | Prediction: Buy
12:36:24 ET | SIGNAL: BUY  | Submitting market order for 892 shares.
12:36:54 ET | HOLDING  | Side: Buy , Qty:   892, P/L: $25.24
12:37:25 ET | HOLDING  | Side: Buy , Qty:   892, P/L: $160.56
12:37:55 ET | HOLDING  | Side: Buy , Qty:   892, P/L: $36.30
12:38:26 ET | HOLDING  | Side: Buy , Qty:   892, P/L: ($107.04)
12:38:57 ET | HOLDING  | Side: Buy , Qty:   892, P/L: ($196.24)
12:39:27 ET | HOLDING  | Side: Buy , Qty:   892, P/L: ($214.08)
12:39:57 ET | HOLDING  | Side: Buy , Qty:   892, P/L: ($169.48)
12:40:28 ET | HOLDING  | Side: Buy , Qty:   892, P/L: $8.92
12:40:58 ET | HOLDING  | Side: Buy , Qty:   892, P/L: $151.64
12:41:29 ET | EXIT: CONTRARY SIGNAL (SELL) | Submitting order to close 892 shares.
12:41:59 ET | Polling... | Prediction: Sell
12:41:59 ET | SIGNAL: SELL | Submitting market order for 892 shares.
An error occurred in the trading loop: Response status code does not indicate success: 403 (Forbidden).
12:42:30 ET | Polling... | Prediction: Sell
12:42:30 ET | SIGNAL: SELL | Submitting market order for 892 shares.
An error occurred in the trading loop: Response status code does not indicate success: 403 (Forbidden).
12:43:01 ET | Polling... | Prediction: Sell
12:43:01 ET | SIGNAL: SELL | Submitting market order for 892 shares.
An error occurred in the trading loop: Response status code does not indicate success: 403 (Forbidden).
12:43:32 ET | Polling... | Prediction: Sell
12:43:32 ET | SIGNAL: SELL | Submitting market order for 892 shares.
An error occurred in the trading loop: Response status code does not indicate success: 403 (Forbidden).
12:44:02 ET | Polling... | Prediction: Sell
12:44:02 ET | SIGNAL: SELL | Submitting market order for 892 shares.
An error occurred in the trading loop: Response status code does not indicate success: 403 (Forbidden).
12:44:33 ET | Polling... | Prediction: Sell
12:44:33 ET | SIGNAL: SELL | Submitting market order for 892 shares.
An error occurred in the trading loop: Response status code does not indicate success: 403 (Forbidden).
12:45:04 ET | Polling... | Prediction: Sell
12:45:04 ET | SIGNAL: SELL | Submitting market order for 892 shares.
An error occurred in the trading loop: Response status code does not indicate success: 403 (Forbidden).
12:45:35 ET | Polling... | Prediction: Sell
12:45:35 ET | SIGNAL: SELL | Submitting market order for 892 shares.
An error occurred in the trading loop: Response status code does not indicate success: 403 (Forbidden).
12:46:06 ET | Polling... | Prediction: Sell
12:46:06 ET | SIGNAL: SELL | Submitting market order for 892 shares.
An error occurred in the trading loop: Response status code does not indicate success: 403 (Forbidden).
12:46:36 ET | Polling... | Prediction: Sell
12:46:36 ET | SIGNAL: SELL | Submitting market order for 892 shares.
An error occurred in the trading loop: Response status code does not indicate success: 403 (Forbidden).
12:47:07 ET | Polling... | Prediction: Sell
12:47:07 ET | SIGNAL: SELL | Submitting market order for 892 shares.
An error occurred in the trading loop: Response status code does not indicate success: 403 (Forbidden).
12:47:38 ET | Polling... | Prediction: Sell
12:47:38 ET | SIGNAL: SELL | Submitting market order for 892 shares.
An error occurred in the trading loop: Response status code does not indicate success: 403 (Forbidden).
12:48:09 ET | Polling... | Prediction: Sell
12:48:09 ET | SIGNAL: SELL | Submitting market order for 892 shares.
An error occurred in the trading loop: Response status code does not indicate success: 403 (Forbidden).
12:48:40 ET | Polling... | Prediction: Sell
12:48:40 ET | SIGNAL: SELL | Submitting market order for 892 shares.
An error occurred in the trading loop: Response status code does not indicate success: 403 (Forbidden).
12:49:10 ET | Polling... | Prediction: Sell
12:49:10 ET | SIGNAL: SELL | Submitting market order for 893 shares.
An error occurred in the trading loop: Response status code does not indicate success: 403 (Forbidden).
12:49:41 ET | Polling... | Prediction: Sell
12:49:41 ET | SIGNAL: SELL | Submitting market order for 893 shares.
An error occurred in the trading loop: Response status code does not indicate success: 403 (Forbidden).
12:50:12 ET | Polling... | Prediction: Sell
12:50:12 ET | SIGNAL: SELL | Submitting market order for 892 shares.
An error occurred in the trading loop: Response status code does not indicate success: 403 (Forbidden).
12:50:43 ET | Polling... | Prediction: Sell
12:50:43 ET | SIGNAL: SELL | Submitting market order for 892 shares.
An error occurred in the trading loop: Response status code does not indicate success: 403 (Forbidden).
12:51:14 ET | Polling... | Prediction: Sell
12:51:14 ET | SIGNAL: SELL | Submitting market order for 892 shares.
An error occurred in the trading loop: Response status code does not indicate success: 403 (Forbidden).
12:51:45 ET | Polling... | Prediction: Sell
12:51:45 ET | SIGNAL: SELL | Submitting market order for 892 shares.
An error occurred in the trading loop: Response status code does not indicate success: 403 (Forbidden).
12:52:16 ET | Polling... | Prediction: Sell
12:52:16 ET | SIGNAL: SELL | Submitting market order for 891 shares.
An error occurred in the trading loop: Response status code does not indicate success: 403 (Forbidden).
12:52:46 ET | Polling... | Prediction: Sell
12:52:46 ET | SIGNAL: SELL | Submitting market order for 891 shares.
An error occurred in the trading loop: Response status code does not indicate success: 403 (Forbidden).
12:53:17 ET | Polling... | Prediction: Sell
12:53:17 ET | SIGNAL: SELL | Submitting market order for 891 shares.
An error occurred in the trading loop: Response status code does not indicate success: 403 (Forbidden).
12:53:48 ET | Polling... | Prediction: Sell
12:53:48 ET | SIGNAL: SELL | Submitting market order for 891 shares.
An error occurred in the trading loop: Response status code does not indicate success: 403 (Forbidden).
12:54:19 ET | Polling... | Prediction: Sell
12:54:19 ET | SIGNAL: SELL | Submitting market order for 891 shares.
An error occurred in the trading loop: Response status code does not indicate success: 403 (Forbidden).
12:54:50 ET | Polling... | Prediction: Sell
12:54:50 ET | SIGNAL: SELL | Submitting market order for 891 shares.
An error occurred in the trading loop: Response status code does not indicate success: 403 (Forbidden).
12:55:20 ET | Polling... | Prediction: Sell
12:55:20 ET | SIGNAL: SELL | Submitting market order for 891 shares.
An error occurred in the trading loop: Response status code does not indicate success: 403 (Forbidden).
12:55:51 ET | Polling... | Prediction: Sell
12:55:51 ET | SIGNAL: SELL | Submitting market order for 891 shares.
An error occurred in the trading loop: Response status code does not indicate success: 403 (Forbidden).
12:56:22 ET | Polling... | Prediction: Sell
12:56:22 ET | SIGNAL: SELL | Submitting market order for 891 shares.
An error occurred in the trading loop: Response status code does not indicate success: 403 (Forbidden).
12:56:53 ET | Polling... | Prediction: Sell
12:56:53 ET | SIGNAL: SELL | Submitting market order for 891 shares.
An error occurred in the trading loop: Response status code does not indicate success: 403 (Forbidden).
12:58:06 ET | Polling... | Prediction: Sell
12:58:06 ET | SIGNAL: SELL | Submitting market order for 891 shares.
An error occurred in the trading loop: Response status code does not indicate success: 403 (Forbidden).
12:58:37 ET | Polling... | Prediction: Sell
12:58:37 ET | SIGNAL: SELL | Submitting market order for 891 shares.
An error occurred in the trading loop: Response status code does not indicate success: 403 (Forbidden).
12:59:08 ET | Polling... | Prediction: Sell
12:59:08 ET | SIGNAL: SELL | Submitting market order for 891 shares.
An error occurred in the trading loop: Response status code does not indicate success: 403 (Forbidden).
12:59:39 ET | Polling... | Prediction: Sell
12:59:39 ET | SIGNAL: SELL | Submitting market order for 891 shares.
An error occurred in the trading loop: Response status code does not indicate success: 403 (Forbidden).
13:00:10 ET | Polling... | Prediction: Sell
13:00:10 ET | SIGNAL: SELL | Submitting market order for 891 shares.
An error occurred in the trading loop: Response status code does not indicate success: 403 (Forbidden).
13:00:41 ET | Polling... | Prediction: Sell
13:00:41 ET | SIGNAL: SELL | Submitting market order for 891 shares.
An error occurred in the trading loop: Response status code does not indicate success: 403 (Forbidden).
13:01:12 ET | Polling... | Prediction: Sell
13:01:12 ET | SIGNAL: SELL | Submitting market order for 891 shares.
An error occurred in the trading loop: Response status code does not indicate success: 403 (Forbidden).
13:01:43 ET | Polling... | Prediction: Sell
13:01:43 ET | SIGNAL: SELL | Submitting market order for 891 shares.
An error occurred in the trading loop: Response status code does not indicate success: 403 (Forbidden).
13:02:14 ET | Polling... | Prediction: Sell
13:02:14 ET | SIGNAL: SELL | Submitting market order for 890 shares.
An error occurred in the trading loop: Response status code does not indicate success: 403 (Forbidden).
13:02:44 ET | Polling... | Prediction: Sell
13:02:44 ET | SIGNAL: SELL | Submitting market order for 890 shares.
An error occurred in the trading loop: Response status code does not indicate success: 403 (Forbidden).
13:03:15 ET | Polling... | Prediction: Sell
13:03:15 ET | SIGNAL: SELL | Submitting market order for 890 shares.
An error occurred in the trading loop: Response status code does not indicate success: 403 (Forbidden).
13:03:46 ET | Polling... | Prediction: Sell
13:03:46 ET | SIGNAL: SELL | Submitting market order for 890 shares.
An error occurred in the trading loop: Response status code does not indicate success: 403 (Forbidden).
13:04:17 ET | Polling... | Prediction: Sell
13:04:17 ET | SIGNAL: SELL | Submitting market order for 890 shares.
An error occurred in the trading loop: Response status code does not indicate success: 403 (Forbidden).
13:04:48 ET | Polling... | Prediction: Sell
13:04:48 ET | SIGNAL: SELL | Submitting market order for 890 shares.
An error occurred in the trading loop: Response status code does not indicate success: 403 (Forbidden).
13:05:19 ET | Polling... | Prediction: Sell
13:05:19 ET | SIGNAL: SELL | Submitting market order for 890 shares.
An error occurred in the trading loop: Response status code does not indicate success: 403 (Forbidden).
13:05:50 ET | Polling... | Prediction: Sell
13:05:50 ET | SIGNAL: SELL | Submitting market order for 890 shares.
An error occurred in the trading loop: Response status code does not indicate success: 403 (Forbidden).
13:06:21 ET | Polling... | Prediction: Sell
13:06:21 ET | SIGNAL: SELL | Submitting market order for 890 shares.
An error occurred in the trading loop: Response status code does not indicate success: 403 (Forbidden).
13:06:51 ET | Polling... | Prediction: Sell
13:06:51 ET | SIGNAL: SELL | Submitting market order for 890 shares.
An error occurred in the trading loop: Response status code does not indicate success: 403 (Forbidden).
13:07:22 ET | Polling... | Prediction: Sell
13:07:22 ET | SIGNAL: SELL | Submitting market order for 890 shares.
An error occurred in the trading loop: Response status code does not indicate success: 403 (Forbidden).
13:07:53 ET | Polling... | Prediction: Sell
13:07:53 ET | SIGNAL: SELL | Submitting market order for 890 shares.
An error occurred in the trading loop: Response status code does not indicate success: 403 (Forbidden).
13:08:24 ET | Polling... | Prediction: Sell
13:08:24 ET | SIGNAL: SELL | Submitting market order for 890 shares.
An error occurred in the trading loop: Response status code does not indicate success: 403 (Forbidden).
13:08:55 ET | Polling... | Prediction: Sell
13:08:55 ET | SIGNAL: SELL | Submitting market order for 890 shares.
An error occurred in the trading loop: Response status code does not indicate success: 403 (Forbidden).
13:09:26 ET | Polling... | Prediction: Sell
13:09:26 ET | SIGNAL: SELL | Submitting market order for 890 shares.
An error occurred in the trading loop: Response status code does not indicate success: 403 (Forbidden).
13:09:57 ET | Polling... | Prediction: Sell
13:09:57 ET | SIGNAL: SELL | Submitting market order for 890 shares.
An error occurred in the trading loop: Response status code does not indicate success: 403 (Forbidden).
13:10:28 ET | Polling... | Prediction: Sell
13:10:28 ET | SIGNAL: SELL | Submitting market order for 891 shares.
An error occurred in the trading loop: Response status code does not indicate success: 403 (Forbidden).
13:10:58 ET | Polling... | Prediction: Sell
13:10:58 ET | SIGNAL: SELL | Submitting market order for 891 shares.
An error occurred in the trading loop: Response status code does not indicate success: 403 (Forbidden).
13:11:29 ET | Polling... | Prediction: Sell
13:11:29 ET | SIGNAL: SELL | Submitting market order for 891 shares.
An error occurred in the trading loop: Response status code does not indicate success: 403 (Forbidden).
13:12:00 ET | Polling... | Prediction: Sell
13:12:00 ET | SIGNAL: SELL | Submitting market order for 891 shares.
An error occurred in the trading loop: Response status code does not indicate success: 403 (Forbidden).
13:12:31 ET | Polling... | Prediction: Sell
13:12:31 ET | SIGNAL: SELL | Submitting market order for 891 shares.
An error occurred in the trading loop: Response status code does not indicate success: 403 (Forbidden).
13:13:02 ET | Polling... | Prediction: Sell
13:13:02 ET | SIGNAL: SELL | Submitting market order for 891 shares.
An error occurred in the trading loop: Response status code does not indicate success: 403 (Forbidden).
13:13:33 ET | Polling... | Prediction: Sell
13:13:33 ET | SIGNAL: SELL | Submitting market order for 891 shares.
An error occurred in the trading loop: Response status code does not indicate success: 403 (Forbidden).
13:14:03 ET | Polling... | Prediction: Sell
13:14:03 ET | SIGNAL: SELL | Submitting market order for 891 shares.
An error occurred in the trading loop: Response status code does not indicate success: 403 (Forbidden).
13:14:34 ET | Polling... | Prediction: Sell
13:14:34 ET | SIGNAL: SELL | Submitting market order for 891 shares.
An error occurred in the trading loop: Response status code does not indicate success: 403 (Forbidden).
13:15:05 ET | Polling... | Prediction: Sell
13:15:05 ET | SIGNAL: SELL | Submitting market order for 891 shares.
An error occurred in the trading loop: Response status code does not indicate success: 403 (Forbidden).
13:15:36 ET | Polling... | Prediction: Sell
13:15:36 ET | SIGNAL: SELL | Submitting market order for 891 shares.
An error occurred in the trading loop: Response status code does not indicate success: 403 (Forbidden).
13:16:07 ET | Polling... | Prediction: Sell
13:16:07 ET | SIGNAL: SELL | Submitting market order for 891 shares.
An error occurred in the trading loop: Response status code does not indicate success: 403 (Forbidden).
13:16:38 ET | Polling... | Prediction: Sell
13:16:38 ET | SIGNAL: SELL | Submitting market order for 891 shares.
An error occurred in the trading loop: Response status code does not indicate success: 403 (Forbidden).
13:17:09 ET | Polling... | Prediction: Sell
13:17:09 ET | SIGNAL: SELL | Submitting market order for 891 shares.
An error occurred in the trading loop: Response status code does not indicate success: 403 (Forbidden).
13:17:40 ET | Polling... | Prediction: Sell
13:17:40 ET | SIGNAL: SELL | Submitting market order for 891 shares.
An error occurred in the trading loop: Response status code does not indicate success: 403 (Forbidden).
13:18:41 ET | Polling... | Prediction: Sell
13:18:41 ET | SIGNAL: SELL | Submitting market order for 891 shares.
An error occurred in the trading loop: Response status code does not indicate success: 403 (Forbidden).
13:19:12 ET | Polling... | Prediction: Sell
13:19:12 ET | SIGNAL: SELL | Submitting market order for 891 shares.
An error occurred in the trading loop: Response status code does not indicate success: 403 (Forbidden).
13:19:43 ET | Polling... | Prediction: Sell
13:19:43 ET | SIGNAL: SELL | Submitting market order for 891 shares.
An error occurred in the trading loop: Response status code does not indicate success: 403 (Forbidden).
13:20:13 ET | Polling... | Prediction: Sell
13:20:13 ET | SIGNAL: SELL | Submitting market order for 891 shares.
An error occurred in the trading loop: Response status code does not indicate success: 403 (Forbidden).
13:20:44 ET | Polling... | Prediction: Sell
13:20:44 ET | SIGNAL: SELL | Submitting market order for 891 shares.
An error occurred in the trading loop: Response status code does not indicate success: 403 (Forbidden).
13:21:15 ET | Polling... | Prediction: Sell
13:21:15 ET | SIGNAL: SELL | Submitting market order for 891 shares.
An error occurred in the trading loop: Response status code does not indicate success: 403 (Forbidden).
13:21:46 ET | Polling... | Prediction: Sell
13:21:46 ET | SIGNAL: SELL | Submitting market order for 891 shares.
An error occurred in the trading loop: Response status code does not indicate success: 403 (Forbidden).
13:22:17 ET | Polling... | Prediction: Sell
13:22:17 ET | SIGNAL: SELL | Submitting market order for 890 shares.
An error occurred in the trading loop: Response status code does not indicate success: 403 (Forbidden).
13:22:48 ET | Polling... | Prediction: Sell
13:22:48 ET | SIGNAL: SELL | Submitting market order for 890 shares.
An error occurred in the trading loop: Response status code does not indicate success: 403 (Forbidden).
13:23:19 ET | Polling... | Prediction: Sell
13:23:19 ET | SIGNAL: SELL | Submitting market order for 890 shares.
An error occurred in the trading loop: Response status code does not indicate success: 403 (Forbidden).
13:23:50 ET | Polling... | Prediction: Sell
13:23:50 ET | SIGNAL: SELL | Submitting market order for 890 shares.
An error occurred in the trading loop: Response status code does not indicate success: 403 (Forbidden).
13:24:21 ET | Polling... | Prediction: Sell
13:24:21 ET | SIGNAL: SELL | Submitting market order for 890 shares.
An error occurred in the trading loop: Response status code does not indicate success: 403 (Forbidden).
13:24:52 ET | Polling... | Prediction: Sell
13:24:52 ET | SIGNAL: SELL | Submitting market order for 890 shares.
An error occurred in the trading loop: Response status code does not indicate success: 403 (Forbidden).
13:25:23 ET | Polling... | Prediction: Sell
13:25:23 ET | SIGNAL: SELL | Submitting market order for 890 shares.
An error occurred in the trading loop: Response status code does not indicate success: 403 (Forbidden).
13:25:53 ET | Polling... | Prediction: Sell
13:25:53 ET | SIGNAL: SELL | Submitting market order for 890 shares.
An error occurred in the trading loop: Response status code does not indicate success: 403 (Forbidden).
13:26:24 ET | Polling... | Prediction: Buy
13:26:24 ET | SIGNAL: BUY  | Submitting market order for 890 shares.
13:26:55 ET | HOLDING  | Side: Buy , Qty:   890, P/L: $142.40
13:27:26 ET | HOLDING  | Side: Buy , Qty:   890, P/L: ($26.70)
13:27:56 ET | HOLDING  | Side: Buy , Qty:   890, P/L: ($79.74)
13:28:27 ET | HOLDING  | Side: Buy , Qty:   890, P/L: $106.80
13:28:57 ET | HOLDING  | Side: Buy , Qty:   890, P/L: $213.60
13:29:28 ET | HOLDING  | Side: Buy , Qty:   890, P/L: $172.75
13:29:58 ET | HOLDING  | Side: Buy , Qty:   890, P/L: $120.15
13:30:29 ET | HOLDING  | Side: Buy , Qty:   890, P/L: $134.84
13:30:59 ET | HOLDING  | Side: Buy , Qty:   890, P/L: $336.87
13:31:30 ET | EXIT: CONTRARY SIGNAL (SELL) | Submitting order to close 890 shares.
13:32:00 ET | Polling... | Prediction: Sell
13:32:00 ET | SIGNAL: SELL | Submitting market order for 890 shares.
An error occurred in the trading loop: Response status code does not indicate success: 403 (Forbidden).
13:32:32 ET | Polling... | Prediction: Sell
13:32:32 ET | SIGNAL: SELL | Submitting market order for 890 shares.
An error occurred in the trading loop: Response status code does not indicate success: 403 (Forbidden).
13:33:02 ET | Polling... | Prediction: Sell
13:33:02 ET | SIGNAL: SELL | Submitting market order for 890 shares.
An error occurred in the trading loop: Response status code does not indicate success: 403 (Forbidden).
13:33:34 ET | Polling... | Prediction: Sell
13:33:34 ET | SIGNAL: SELL | Submitting market order for 890 shares.
An error occurred in the trading loop: Response status code does not indicate success: 403 (Forbidden).
13:34:05 ET | Polling... | Prediction: Sell
13:34:05 ET | SIGNAL: SELL | Submitting market order for 890 shares.
An error occurred in the trading loop: Response status code does not indicate success: 403 (Forbidden).
13:34:35 ET | Polling... | Prediction: Sell
13:34:35 ET | SIGNAL: SELL | Submitting market order for 890 shares.
An error occurred in the trading loop: Response status code does not indicate success: 403 (Forbidden).
13:35:06 ET | Polling... | Prediction: Sell
13:35:06 ET | SIGNAL: SELL | Submitting market order for 889 shares.
An error occurred in the trading loop: Response status code does not indicate success: 403 (Forbidden).
13:35:37 ET | Polling... | Prediction: Sell
13:35:37 ET | SIGNAL: SELL | Submitting market order for 889 shares.
An error occurred in the trading loop: Response status code does not indicate success: 403 (Forbidden).
13:36:08 ET | Polling... | Prediction: Buy
13:36:08 ET | SIGNAL: BUY  | Submitting market order for 889 shares.
13:36:39 ET | HOLDING  | Side: Buy , Qty:   889, P/L: $80.01
13:37:09 ET | HOLDING  | Side: Buy , Qty:   889, P/L: $124.46
13:37:40 ET | HOLDING  | Side: Buy , Qty:   889, P/L: $137.80
13:38:10 ET | HOLDING  | Side: Buy , Qty:   889, P/L: $142.24
13:38:41 ET | HOLDING  | Side: Buy , Qty:   889, P/L: $177.80
13:39:11 ET | HOLDING  | Side: Buy , Qty:   889, P/L: $204.47
13:39:42 ET | HOLDING  | Side: Buy , Qty:   889, P/L: $391.07
13:40:12 ET | HOLDING  | Side: Buy , Qty:   889, P/L: $373.38
13:40:43 ET | HOLDING  | Side: Buy , Qty:   889, P/L: $355.69
13:41:13 ET | EXIT: CONTRARY SIGNAL (SELL) | Submitting order to close 889 shares.
13:41:44 ET | Polling... | Prediction: Sell
13:41:44 ET | SIGNAL: SELL | Submitting market order for 890 shares.
An error occurred in the trading loop: Response status code does not indicate success: 403 (Forbidden).
13:42:15 ET | Polling... | Prediction: Sell
13:42:15 ET | SIGNAL: SELL | Submitting market order for 890 shares.
An error occurred in the trading loop: Response status code does not indicate success: 403 (Forbidden).
13:42:46 ET | Polling... | Prediction: Sell
13:42:46 ET | SIGNAL: SELL | Submitting market order for 890 shares.
An error occurred in the trading loop: Response status code does not indicate success: 403 (Forbidden).
13:43:17 ET | Polling... | Prediction: Sell
13:43:17 ET | SIGNAL: SELL | Submitting market order for 890 shares.
An error occurred in the trading loop: Response status code does not indicate success: 403 (Forbidden).
13:43:48 ET | Polling... | Prediction: Sell
13:43:48 ET | SIGNAL: SELL | Submitting market order for 890 shares.
An error occurred in the trading loop: Response status code does not indicate success: 403 (Forbidden).
13:44:18 ET | Polling... | Prediction: Sell
13:44:18 ET | SIGNAL: SELL | Submitting market order for 890 shares.
An error occurred in the trading loop: Response status code does not indicate success: 403 (Forbidden).
13:44:49 ET | Polling... | Prediction: Sell
13:44:49 ET | SIGNAL: SELL | Submitting market order for 890 shares.
An error occurred in the trading loop: Response status code does not indicate success: 403 (Forbidden).
13:45:20 ET | Polling... | Prediction: Sell
13:45:20 ET | SIGNAL: SELL | Submitting market order for 890 shares.
An error occurred in the trading loop: Response status code does not indicate success: 403 (Forbidden).
13:45:51 ET | Polling... | Prediction: Sell
13:45:51 ET | SIGNAL: SELL | Submitting market order for 890 shares.
An error occurred in the trading loop: Response status code does not indicate success: 403 (Forbidden).
13:46:22 ET | Polling... | Prediction: Sell
13:46:22 ET | SIGNAL: SELL | Submitting market order for 890 shares.
An error occurred in the trading loop: Response status code does not indicate success: 403 (Forbidden).
13:46:53 ET | Polling... | Prediction: Sell
13:46:53 ET | SIGNAL: SELL | Submitting market order for 890 shares.
An error occurred in the trading loop: Response status code does not indicate success: 403 (Forbidden).
13:47:24 ET | Polling... | Prediction: Sell
13:47:24 ET | SIGNAL: SELL | Submitting market order for 890 shares.
An error occurred in the trading loop: Response status code does not indicate success: 403 (Forbidden).
13:47:54 ET | Polling... | Prediction: Sell
13:47:54 ET | SIGNAL: SELL | Submitting market order for 890 shares.
An error occurred in the trading loop: Response status code does not indicate success: 403 (Forbidden).
13:48:25 ET | Polling... | Prediction: Sell
13:48:25 ET | SIGNAL: SELL | Submitting market order for 890 shares.
An error occurred in the trading loop: Response status code does not indicate success: 403 (Forbidden).
13:48:56 ET | Polling... | Prediction: Sell
13:48:56 ET | SIGNAL: SELL | Submitting market order for 890 shares.
An error occurred in the trading loop: Response status code does not indicate success: 403 (Forbidden).
13:49:27 ET | Polling... | Prediction: Sell
13:49:27 ET | SIGNAL: SELL | Submitting market order for 890 shares.
An error occurred in the trading loop: Response status code does not indicate success: 403 (Forbidden).
13:49:58 ET | Polling... | Prediction: Sell
13:49:58 ET | SIGNAL: SELL | Submitting market order for 890 shares.
An error occurred in the trading loop: Response status code does not indicate success: 403 (Forbidden).
13:50:29 ET | Polling... | Prediction: Sell
13:50:29 ET | SIGNAL: SELL | Submitting market order for 890 shares.
An error occurred in the trading loop: Response status code does not indicate success: 403 (Forbidden).
13:50:59 ET | Polling... | Prediction: Sell
13:50:59 ET | SIGNAL: SELL | Submitting market order for 890 shares.
An error occurred in the trading loop: Response status code does not indicate success: 403 (Forbidden).
13:51:30 ET | Polling... | Prediction: Sell
13:51:30 ET | SIGNAL: SELL | Submitting market order for 890 shares.
An error occurred in the trading loop: Response status code does not indicate success: 403 (Forbidden).
13:52:01 ET | Polling... | Prediction: Sell
13:52:01 ET | SIGNAL: SELL | Submitting market order for 890 shares.
An error occurred in the trading loop: Response status code does not indicate success: 403 (Forbidden).
13:52:32 ET | Polling... | Prediction: Sell
13:52:32 ET | SIGNAL: SELL | Submitting market order for 890 shares.
An error occurred in the trading loop: Response status code does not indicate success: 403 (Forbidden).
13:53:03 ET | Polling... | Prediction: Sell
13:53:03 ET | SIGNAL: SELL | Submitting market order for 890 shares.
An error occurred in the trading loop: Response status code does not indicate success: 403 (Forbidden).
13:53:34 ET | Polling... | Prediction: Sell
13:53:34 ET | SIGNAL: SELL | Submitting market order for 890 shares.
An error occurred in the trading loop: Response status code does not indicate success: 403 (Forbidden).
13:54:05 ET | Polling... | Prediction: Sell
13:54:05 ET | SIGNAL: SELL | Submitting market order for 890 shares.
An error occurred in the trading loop: Response status code does not indicate success: 403 (Forbidden).
13:54:36 ET | Polling... | Prediction: Sell
13:54:36 ET | SIGNAL: SELL | Submitting market order for 890 shares.
An error occurred in the trading loop: Response status code does not indicate success: 403 (Forbidden).
13:55:07 ET | Polling... | Prediction: Sell
13:55:07 ET | SIGNAL: SELL | Submitting market order for 891 shares.
An error occurred in the trading loop: Response status code does not indicate success: 403 (Forbidden).
13:55:38 ET | Polling... | Prediction: Sell
13:55:38 ET | SIGNAL: SELL | Submitting market order for 891 shares.
An error occurred in the trading loop: Response status code does not indicate success: 403 (Forbidden).
13:56:08 ET | Polling... | Prediction: Hold
13:56:39 ET | Polling... | Prediction: Hold
13:57:09 ET | Polling... | Prediction: Hold
13:57:40 ET | Polling... | Prediction: Hold
13:58:10 ET | Polling... | Prediction: Hold
13:58:41 ET | Polling... | Prediction: Hold
13:59:12 ET | Polling... | Prediction: Hold
13:59:42 ET | Polling... | Prediction: Hold
14:00:12 ET | Polling... | Prediction: Hold
14:00:43 ET | Polling... | Prediction: Hold
14:01:14 ET | Polling... | Prediction: Hold
14:01:44 ET | Polling... | Prediction: Hold
14:02:15 ET | Polling... | Prediction: Hold
14:02:45 ET | Polling... | Prediction: Hold
14:03:16 ET | Polling... | Prediction: Hold
14:03:46 ET | Polling... | Prediction: Hold
14:04:17 ET | Polling... | Prediction: Hold
14:04:47 ET | Polling... | Prediction: Hold
14:05:18 ET | Polling... | Prediction: Hold
14:05:48 ET | Polling... | Prediction: Hold
14:06:19 ET | Polling... | Prediction: Buy
14:06:19 ET | SIGNAL: BUY  | Submitting market order for 891 shares.
14:06:50 ET | HOLDING  | Side: Buy , Qty:   891, P/L: $94.37
14:07:20 ET | HOLDING  | Side: Buy , Qty:   891, P/L: $189.26
14:07:51 ET | HOLDING  | Side: Buy , Qty:   891, P/L: $91.25
14:08:21 ET | HOLDING  | Side: Buy , Qty:   891, P/L: ($95.86)
14:08:52 ET | HOLDING  | Side: Buy , Qty:   891, P/L: ($6.76)
14:09:22 ET | HOLDING  | Side: Buy , Qty:   891, P/L: ($113.68)
14:09:53 ET | HOLDING  | Side: Buy , Qty:   891, P/L: ($113.68)
14:10:23 ET | HOLDING  | Side: Buy , Qty:   891, P/L: ($60.22)
14:10:54 ET | HOLDING  | Side: Buy , Qty:   891, P/L: $2.15
14:11:24 ET | HOLDING  | Side: Buy , Qty:   891, P/L: ($20.13)
14:11:55 ET | HOLDING  | Side: Buy , Qty:   891, P/L: $11.06
14:12:25 ET | HOLDING  | Side: Buy , Qty:   891, P/L: $55.61
14:12:56 ET | HOLDING  | Side: Buy , Qty:   891, P/L: ($42.40)
14:13:26 ET | HOLDING  | Side: Buy , Qty:   891, P/L: ($24.58)
14:13:57 ET | HOLDING  | Side: Buy , Qty:   891, P/L: $28.88
14:14:27 ET | HOLDING  | Side: Buy , Qty:   891, P/L: ($6.76)
14:14:58 ET | HOLDING  | Side: Buy , Qty:   891, P/L: ($92.12)
14:15:28 ET | HOLDING  | Side: Buy , Qty:   891, P/L: ($158.23)
14:15:59 ET | HOLDING  | Side: Buy , Qty:   891, P/L: ($15.67)
14:16:29 ET | HOLDING  | Side: Buy , Qty:   891, P/L: ($113.68)
14:17:00 ET | HOLDING  | Side: Buy , Qty:   891, P/L: ($140.41)
14:17:30 ET | HOLDING  | Side: Buy , Qty:   891, P/L: ($131.50)
14:18:01 ET | HOLDING  | Side: Buy , Qty:   891, P/L: ($113.68)
14:18:31 ET | HOLDING  | Side: Buy , Qty:   891, P/L: ($239.93)
14:19:02 ET | HOLDING  | Side: Buy , Qty:   891, P/L: ($247.33)
14:19:32 ET | HOLDING  | Side: Buy , Qty:   891, P/L: ($345.34)
14:20:03 ET | HOLDING  | Side: Buy , Qty:   891, P/L: ($380.98)
14:20:33 ET | HOLDING  | Side: Buy , Qty:   891, P/L: ($327.52)
14:21:04 ET | HOLDING  | Side: Buy , Qty:   891, P/L: ($158.23)
14:21:34 ET | HOLDING  | Side: Buy , Qty:   891, P/L: ($69.13)
14:22:05 ET | HOLDING  | Side: Buy , Qty:   891, P/L: ($86.95)
14:22:35 ET | HOLDING  | Side: Buy , Qty:   891, P/L: ($15.67)
14:23:06 ET | HOLDING  | Side: Buy , Qty:   891, P/L: ($60.22)
14:23:36 ET | HOLDING  | Side: Buy , Qty:   891, P/L: ($26.27)
14:24:07 ET | HOLDING  | Side: Buy , Qty:   891, P/L: ($140.41)
14:24:37 ET | HOLDING  | Side: Buy , Qty:   891, P/L: ($24.58)
14:25:08 ET | HOLDING  | Side: Buy , Qty:   891, P/L: ($104.77)
14:25:38 ET | HOLDING  | Side: Buy , Qty:   891, P/L: ($69.13)
14:26:09 ET | EXIT: CONTRARY SIGNAL (SELL) | Submitting order to close 891 shares.
14:26:40 ET | Polling... | Prediction: Sell
14:26:40 ET | SIGNAL: SELL | Submitting market order for 891 shares.
An error occurred in the trading loop: Response status code does not indicate success: 403 (Forbidden).
14:27:10 ET | Polling... | Prediction: Sell
14:27:10 ET | SIGNAL: SELL | Submitting market order for 891 shares.
An error occurred in the trading loop: Response status code does not indicate success: 403 (Forbidden).
14:27:41 ET | Polling... | Prediction: Sell
14:27:41 ET | SIGNAL: SELL | Submitting market order for 891 shares.
An error occurred in the trading loop: Response status code does not indicate success: 403 (Forbidden).
14:28:12 ET | Polling... | Prediction: Sell
14:28:12 ET | SIGNAL: SELL | Submitting market order for 891 shares.
An error occurred in the trading loop: Response status code does not indicate success: 403 (Forbidden).
14:28:43 ET | Polling... | Prediction: Sell
14:28:43 ET | SIGNAL: SELL | Submitting market order for 891 shares.
An error occurred in the trading loop: Response status code does not indicate success: 403 (Forbidden).
14:29:14 ET | Polling... | Prediction: Sell
14:29:14 ET | SIGNAL: SELL | Submitting market order for 891 shares.
An error occurred in the trading loop: Response status code does not indicate success: 403 (Forbidden).
14:29:45 ET | Polling... | Prediction: Sell
14:29:45 ET | SIGNAL: SELL | Submitting market order for 891 shares.
An error occurred in the trading loop: Response status code does not indicate success: 403 (Forbidden).
14:30:16 ET | Polling... | Prediction: Sell
14:30:16 ET | SIGNAL: SELL | Submitting market order for 891 shares.
An error occurred in the trading loop: Response status code does not indicate success: 403 (Forbidden).
14:30:47 ET | Polling... | Prediction: Sell
14:30:47 ET | SIGNAL: SELL | Submitting market order for 891 shares.
An error occurred in the trading loop: Response status code does not indicate success: 403 (Forbidden).
14:31:17 ET | Polling... | Prediction: Hold
14:31:48 ET | Polling... | Prediction: Hold
14:32:19 ET | Polling... | Prediction: Hold
14:32:49 ET | Polling... | Prediction: Hold
14:33:20 ET | Polling... | Prediction: Hold
14:33:50 ET | Polling... | Prediction: Hold
14:34:21 ET | Polling... | Prediction: Hold
14:34:51 ET | Polling... | Prediction: Hold
14:35:22 ET | Polling... | Prediction: Hold
14:35:52 ET | Polling... | Prediction: Hold
14:36:23 ET | Polling... | Prediction: Sell
14:36:23 ET | SIGNAL: SELL | Submitting market order for 891 shares.
An error occurred in the trading loop: Response status code does not indicate success: 403 (Forbidden).
14:36:54 ET | Polling... | Prediction: Sell
14:36:54 ET | SIGNAL: SELL | Submitting market order for 891 shares.
An error occurred in the trading loop: Response status code does not indicate success: 403 (Forbidden).
14:37:25 ET | Polling... | Prediction: Sell
14:37:25 ET | SIGNAL: SELL | Submitting market order for 891 shares.
An error occurred in the trading loop: Response status code does not indicate success: 403 (Forbidden).
14:37:56 ET | Polling... | Prediction: Sell
14:37:56 ET | SIGNAL: SELL | Submitting market order for 891 shares.
An error occurred in the trading loop: Response status code does not indicate success: 403 (Forbidden).
14:38:26 ET | Polling... | Prediction: Sell
14:38:26 ET | SIGNAL: SELL | Submitting market order for 891 shares.
An error occurred in the trading loop: Response status code does not indicate success: 403 (Forbidden).
14:38:57 ET | Polling... | Prediction: Sell
14:38:57 ET | SIGNAL: SELL | Submitting market order for 891 shares.
An error occurred in the trading loop: Response status code does not indicate success: 403 (Forbidden).
14:39:28 ET | Polling... | Prediction: Sell
14:39:28 ET | SIGNAL: SELL | Submitting market order for 891 shares.
An error occurred in the trading loop: Response status code does not indicate success: 403 (Forbidden).
14:39:59 ET | Polling... | Prediction: Sell
14:39:59 ET | SIGNAL: SELL | Submitting market order for 891 shares.
An error occurred in the trading loop: Response status code does not indicate success: 403 (Forbidden).
14:40:30 ET | Polling... | Prediction: Sell
14:40:30 ET | SIGNAL: SELL | Submitting market order for 891 shares.
An error occurred in the trading loop: Response status code does not indicate success: 403 (Forbidden).
14:41:01 ET | Polling... | Prediction: Sell
14:41:01 ET | SIGNAL: SELL | Submitting market order for 891 shares.
An error occurred in the trading loop: Response status code does not indicate success: 403 (Forbidden).
14:41:32 ET | Polling... | Prediction: Sell
14:41:32 ET | SIGNAL: SELL | Submitting market order for 891 shares.
An error occurred in the trading loop: Response status code does not indicate success: 403 (Forbidden).
14:42:03 ET | Polling... | Prediction: Sell
14:42:03 ET | SIGNAL: SELL | Submitting market order for 892 shares.
An error occurred in the trading loop: Response status code does not indicate success: 403 (Forbidden).
14:42:34 ET | Polling... | Prediction: Sell
14:42:34 ET | SIGNAL: SELL | Submitting market order for 892 shares.
An error occurred in the trading loop: Response status code does not indicate success: 403 (Forbidden).
14:43:05 ET | Polling... | Prediction: Sell
14:43:05 ET | SIGNAL: SELL | Submitting market order for 892 shares.
An error occurred in the trading loop: Response status code does not indicate success: 403 (Forbidden).
14:43:35 ET | Polling... | Prediction: Sell
14:43:35 ET | SIGNAL: SELL | Submitting market order for 892 shares.
An error occurred in the trading loop: Response status code does not indicate success: 403 (Forbidden).
14:44:06 ET | Polling... | Prediction: Sell
14:44:06 ET | SIGNAL: SELL | Submitting market order for 892 shares.
An error occurred in the trading loop: Response status code does not indicate success: 403 (Forbidden).
14:44:37 ET | Polling... | Prediction: Sell
14:44:37 ET | SIGNAL: SELL | Submitting market order for 892 shares.
An error occurred in the trading loop: Response status code does not indicate success: 403 (Forbidden).
14:45:08 ET | Polling... | Prediction: Sell
14:45:08 ET | SIGNAL: SELL | Submitting market order for 891 shares.
An error occurred in the trading loop: Response status code does not indicate success: 403 (Forbidden).
14:45:39 ET | Polling... | Prediction: Sell
14:45:39 ET | SIGNAL: SELL | Submitting market order for 891 shares.
An error occurred in the trading loop: Response status code does not indicate success: 403 (Forbidden).
14:46:10 ET | Polling... | Prediction: Sell
14:46:10 ET | SIGNAL: SELL | Submitting market order for 891 shares.
An error occurred in the trading loop: Response status code does not indicate success: 403 (Forbidden).
14:46:40 ET | Polling... | Prediction: Sell
14:46:40 ET | SIGNAL: SELL | Submitting market order for 891 shares.
An error occurred in the trading loop: Response status code does not indicate success: 403 (Forbidden).
14:47:11 ET | Polling... | Prediction: Sell
14:47:11 ET | SIGNAL: SELL | Submitting market order for 891 shares.
An error occurred in the trading loop: Response status code does not indicate success: 403 (Forbidden).
14:47:42 ET | Polling... | Prediction: Sell
14:47:42 ET | SIGNAL: SELL | Submitting market order for 891 shares.
An error occurred in the trading loop: Response status code does not indicate success: 403 (Forbidden).
14:48:13 ET | Polling... | Prediction: Sell
14:48:13 ET | SIGNAL: SELL | Submitting market order for 891 shares.
An error occurred in the trading loop: Response status code does not indicate success: 403 (Forbidden).
14:48:44 ET | Polling... | Prediction: Sell
14:48:44 ET | SIGNAL: SELL | Submitting market order for 891 shares.
An error occurred in the trading loop: Response status code does not indicate success: 403 (Forbidden).
14:49:15 ET | Polling... | Prediction: Sell
14:49:15 ET | SIGNAL: SELL | Submitting market order for 890 shares.
An error occurred in the trading loop: Response status code does not indicate success: 403 (Forbidden).
14:49:46 ET | Polling... | Prediction: Sell
14:49:46 ET | SIGNAL: SELL | Submitting market order for 890 shares.
An error occurred in the trading loop: Response status code does not indicate success: 403 (Forbidden).
14:50:17 ET | Polling... | Prediction: Sell
14:50:17 ET | SIGNAL: SELL | Submitting market order for 891 shares.
An error occurred in the trading loop: Response status code does not indicate success: 403 (Forbidden).
14:50:48 ET | Polling... | Prediction: Sell
14:50:48 ET | SIGNAL: SELL | Submitting market order for 891 shares.
An error occurred in the trading loop: Response status code does not indicate success: 403 (Forbidden).
14:51:19 ET | Polling... | Prediction: Hold
14:51:50 ET | Polling... | Prediction: Hold
14:52:20 ET | Polling... | Prediction: Hold
14:52:51 ET | Polling... | Prediction: Hold
14:53:21 ET | Polling... | Prediction: Hold
14:53:52 ET | Polling... | Prediction: Hold
14:54:22 ET | Polling... | Prediction: Hold
14:54:53 ET | Polling... | Prediction: Hold
14:55:23 ET | Polling... | Prediction: Hold
14:55:54 ET | Polling... | Prediction: Hold
14:56:24 ET | Polling... | Prediction: Hold
14:56:55 ET | Polling... | Prediction: Hold
14:57:25 ET | Polling... | Prediction: Hold
14:57:56 ET | Polling... | Prediction: Hold
14:58:26 ET | Polling... | Prediction: Hold
14:58:57 ET | Polling... | Prediction: Hold
14:59:27 ET | Polling... | Prediction: Hold
14:59:58 ET | Polling... | Prediction: Hold
15:00:29 ET | Polling... | Prediction: Hold
15:01:00 ET | Polling... | Prediction: Hold
15:01:30 ET | Polling... | Prediction: Hold
15:02:01 ET | Polling... | Prediction: Hold
15:02:31 ET | Polling... | Prediction: Hold
15:03:02 ET | Polling... | Prediction: Hold
15:03:33 ET | Polling... | Prediction: Hold
15:04:03 ET | Polling... | Prediction: Hold
15:04:34 ET | Polling... | Prediction: Hold
15:05:04 ET | Polling... | Prediction: Hold
15:05:35 ET | Polling... | Prediction: Hold
15:06:06 ET | Polling... | Prediction: Hold
15:06:36 ET | Polling... | Prediction: Hold
15:07:07 ET | Polling... | Prediction: Hold
15:07:37 ET | Polling... | Prediction: Hold
15:08:08 ET | Polling... | Prediction: Hold
15:08:38 ET | Polling... | Prediction: Hold
15:09:09 ET | Polling... | Prediction: Hold
15:09:39 ET | Polling... | Prediction: Hold
15:10:10 ET | Polling... | Prediction: Hold
15:10:40 ET | Polling... | Prediction: Hold
15:11:11 ET | Polling... | Prediction: Hold
15:11:41 ET | Polling... | Prediction: Hold
15:12:12 ET | Polling... | Prediction: Hold
15:12:42 ET | Polling... | Prediction: Hold
15:13:13 ET | Polling... | Prediction: Hold
15:13:44 ET | Polling... | Prediction: Hold
15:14:14 ET | Polling... | Prediction: Hold
15:14:45 ET | Polling... | Prediction: Hold
15:15:15 ET | Polling... | Prediction: Hold
15:15:46 ET | Polling... | Prediction: Hold
15:16:17 ET | Polling... | Prediction: Hold
15:16:47 ET | Polling... | Prediction: Hold
15:17:18 ET | Polling... | Prediction: Hold
15:17:48 ET | Polling... | Prediction: Hold
15:18:19 ET | Polling... | Prediction: Hold
15:18:49 ET | Polling... | Prediction: Hold
15:19:20 ET | Polling... | Prediction: Hold
15:19:50 ET | Polling... | Prediction: Hold
15:20:21 ET | Polling... | Prediction: Hold
15:20:51 ET | Polling... | Prediction: Hold
15:21:22 ET | Polling... | Prediction: Sell
15:21:22 ET | SIGNAL: SELL | Submitting market order for 889 shares.
An error occurred in the trading loop: Response status code does not indicate success: 403 (Forbidden).
15:21:53 ET | Polling... | Prediction: Sell
15:21:53 ET | SIGNAL: SELL | Submitting market order for 889 shares.
An error occurred in the trading loop: Response status code does not indicate success: 403 (Forbidden).
15:22:24 ET | Polling... | Prediction: Sell
15:22:24 ET | SIGNAL: SELL | Submitting market order for 889 shares.
An error occurred in the trading loop: Response status code does not indicate success: 403 (Forbidden).
15:22:54 ET | Polling... | Prediction: Sell
15:22:54 ET | SIGNAL: SELL | Submitting market order for 889 shares.
An error occurred in the trading loop: Response status code does not indicate success: 403 (Forbidden).
15:23:25 ET | Polling... | Prediction: Sell
15:23:25 ET | SIGNAL: SELL | Submitting market order for 889 shares.
An error occurred in the trading loop: Response status code does not indicate success: 403 (Forbidden).
15:23:56 ET | Polling... | Prediction: Sell
15:23:56 ET | SIGNAL: SELL | Submitting market order for 889 shares.
An error occurred in the trading loop: Response status code does not indicate success: 403 (Forbidden).
15:24:27 ET | Polling... | Prediction: Sell
15:24:27 ET | SIGNAL: SELL | Submitting market order for 889 shares.
An error occurred in the trading loop: Response status code does not indicate success: 403 (Forbidden).
15:24:58 ET | Polling... | Prediction: Sell
15:24:58 ET | SIGNAL: SELL | Submitting market order for 889 shares.
An error occurred in the trading loop: Response status code does not indicate success: 403 (Forbidden).
15:25:29 ET | Polling... | Prediction: Sell
15:25:29 ET | SIGNAL: SELL | Submitting market order for 889 shares.
An error occurred in the trading loop: Response status code does not indicate success: 403 (Forbidden).
15:25:59 ET | Polling... | Prediction: Sell
15:25:59 ET | SIGNAL: SELL | Submitting market order for 889 shares.
An error occurred in the trading loop: Response status code does not indicate success: 403 (Forbidden).
15:26:30 ET | Polling... | Prediction: Sell
15:26:30 ET | SIGNAL: SELL | Submitting market order for 889 shares.
An error occurred in the trading loop: Response status code does not indicate success: 403 (Forbidden).
15:27:01 ET | Polling... | Prediction: Sell
15:27:01 ET | SIGNAL: SELL | Submitting market order for 889 shares.
An error occurred in the trading loop: Response status code does not indicate success: 403 (Forbidden).
15:27:32 ET | Polling... | Prediction: Sell
15:27:32 ET | SIGNAL: SELL | Submitting market order for 889 shares.
An error occurred in the trading loop: Response status code does not indicate success: 403 (Forbidden).
15:28:03 ET | Polling... | Prediction: Sell
15:28:03 ET | SIGNAL: SELL | Submitting market order for 889 shares.
An error occurred in the trading loop: Response status code does not indicate success: 403 (Forbidden).
15:28:34 ET | Polling... | Prediction: Sell
15:28:34 ET | SIGNAL: SELL | Submitting market order for 889 shares.
An error occurred in the trading loop: Response status code does not indicate success: 403 (Forbidden).
15:29:05 ET | Polling... | Prediction: Sell
15:29:05 ET | SIGNAL: SELL | Submitting market order for 889 shares.
An error occurred in the trading loop: Response status code does not indicate success: 403 (Forbidden).
15:29:36 ET | Polling... | Prediction: Sell
15:29:36 ET | SIGNAL: SELL | Submitting market order for 889 shares.
An error occurred in the trading loop: Response status code does not indicate success: 403 (Forbidden).
15:30:07 ET | Polling... | Prediction: Sell
15:30:07 ET | SIGNAL: SELL | Submitting market order for 889 shares.
An error occurred in the trading loop: Response status code does not indicate success: 403 (Forbidden).
15:30:38 ET | Polling... | Prediction: Sell
15:30:38 ET | SIGNAL: SELL | Submitting market order for 889 shares.
An error occurred in the trading loop: Response status code does not indicate success: 403 (Forbidden).
15:31:08 ET | Polling... | Prediction: Sell
15:31:08 ET | SIGNAL: SELL | Submitting market order for 889 shares.
An error occurred in the trading loop: Response status code does not indicate success: 403 (Forbidden).
15:31:39 ET | Polling... | Prediction: Sell
15:31:39 ET | SIGNAL: SELL | Submitting market order for 889 shares.
An error occurred in the trading loop: Response status code does not indicate success: 403 (Forbidden).
15:32:10 ET | Polling... | Prediction: Sell
15:32:10 ET | SIGNAL: SELL | Submitting market order for 889 shares.
An error occurred in the trading loop: Response status code does not indicate success: 403 (Forbidden).
15:32:41 ET | Polling... | Prediction: Sell
15:32:41 ET | SIGNAL: SELL | Submitting market order for 889 shares.
An error occurred in the trading loop: Response status code does not indicate success: 403 (Forbidden).
15:33:12 ET | Polling... | Prediction: Sell
15:33:12 ET | SIGNAL: SELL | Submitting market order for 889 shares.
An error occurred in the trading loop: Response status code does not indicate success: 403 (Forbidden).
15:33:43 ET | Polling... | Prediction: Sell
15:33:43 ET | SIGNAL: SELL | Submitting market order for 889 shares.
An error occurred in the trading loop: Response status code does not indicate success: 403 (Forbidden).
15:34:14 ET | Polling... | Prediction: Sell
15:34:14 ET | SIGNAL: SELL | Submitting market order for 888 shares.
An error occurred in the trading loop: Response status code does not indicate success: 403 (Forbidden).
15:34:45 ET | Polling... | Prediction: Sell
15:34:45 ET | SIGNAL: SELL | Submitting market order for 888 shares.
An error occurred in the trading loop: Response status code does not indicate success: 403 (Forbidden).
15:35:16 ET | Polling... | Prediction: Sell
15:35:16 ET | SIGNAL: SELL | Submitting market order for 889 shares.
An error occurred in the trading loop: Response status code does not indicate success: 403 (Forbidden).
15:35:47 ET | Polling... | Prediction: Sell
15:35:47 ET | SIGNAL: SELL | Submitting market order for 889 shares.
An error occurred in the trading loop: Response status code does not indicate success: 403 (Forbidden).
15:36:18 ET | Polling... | Prediction: Sell
15:36:18 ET | SIGNAL: SELL | Submitting market order for 888 shares.
An error occurred in the trading loop: Response status code does not indicate success: 403 (Forbidden).
15:36:49 ET | Polling... | Prediction: Sell
15:36:49 ET | SIGNAL: SELL | Submitting market order for 888 shares.
An error occurred in the trading loop: Response status code does not indicate success: 403 (Forbidden).
15:37:20 ET | Polling... | Prediction: Sell
15:37:20 ET | SIGNAL: SELL | Submitting market order for 888 shares.
An error occurred in the trading loop: Response status code does not indicate success: 403 (Forbidden).
15:37:51 ET | Polling... | Prediction: Sell
15:37:51 ET | SIGNAL: SELL | Submitting market order for 888 shares.
An error occurred in the trading loop: Response status code does not indicate success: 403 (Forbidden).
15:38:22 ET | Polling... | Prediction: Sell
15:38:22 ET | SIGNAL: SELL | Submitting market order for 888 shares.
An error occurred in the trading loop: Response status code does not indicate success: 403 (Forbidden).
15:38:52 ET | Polling... | Prediction: Sell
15:38:52 ET | SIGNAL: SELL | Submitting market order for 888 shares.
An error occurred in the trading loop: Response status code does not indicate success: 403 (Forbidden).
15:39:23 ET | Polling... | Prediction: Sell
15:39:23 ET | SIGNAL: SELL | Submitting market order for 888 shares.
An error occurred in the trading loop: Response status code does not indicate success: 403 (Forbidden).
15:39:54 ET | Polling... | Prediction: Sell
15:39:54 ET | SIGNAL: SELL | Submitting market order for 888 shares.
An error occurred in the trading loop: Response status code does not indicate success: 403 (Forbidden).
15:40:25 ET | Polling... | Prediction: Sell
15:40:25 ET | SIGNAL: SELL | Submitting market order for 888 shares.
An error occurred in the trading loop: Response status code does not indicate success: 403 (Forbidden).
15:40:56 ET | Polling... | Prediction: Sell
15:40:56 ET | SIGNAL: SELL | Submitting market order for 888 shares.
An error occurred in the trading loop: Response status code does not indicate success: 403 (Forbidden).
15:41:27 ET | Polling... | Prediction: Sell
15:41:27 ET | SIGNAL: SELL | Submitting market order for 888 shares.
An error occurred in the trading loop: Response status code does not indicate success: 403 (Forbidden).
15:41:57 ET | Polling... | Prediction: Sell
15:41:57 ET | SIGNAL: SELL | Submitting market order for 888 shares.
An error occurred in the trading loop: Response status code does not indicate success: 403 (Forbidden).
15:42:28 ET | Polling... | Prediction: Sell
15:42:28 ET | SIGNAL: SELL | Submitting market order for 888 shares.
An error occurred in the trading loop: Response status code does not indicate success: 403 (Forbidden).
15:42:59 ET | Polling... | Prediction: Sell
15:42:59 ET | SIGNAL: SELL | Submitting market order for 888 shares.
An error occurred in the trading loop: Response status code does not indicate success: 403 (Forbidden).
15:43:30 ET | Polling... | Prediction: Sell
15:43:30 ET | SIGNAL: SELL | Submitting market order for 888 shares.
An error occurred in the trading loop: Response status code does not indicate success: 403 (Forbidden).
15:44:01 ET | Polling... | Prediction: Sell
15:44:01 ET | SIGNAL: SELL | Submitting market order for 888 shares.
An error occurred in the trading loop: Response status code does not indicate success: 403 (Forbidden).
15:44:32 ET | Polling... | Prediction: Sell
15:44:32 ET | SIGNAL: SELL | Submitting market order for 888 shares.
An error occurred in the trading loop: Response status code does not indicate success: 403 (Forbidden).
15:45:03 ET | Polling... | Prediction: Sell
15:45:03 ET | SIGNAL: SELL | Submitting market order for 888 shares.
An error occurred in the trading loop: Response status code does not indicate success: 403 (Forbidden).
15:45:34 ET | Polling... | Prediction: Sell
15:45:34 ET | SIGNAL: SELL | Submitting market order for 888 shares.
An error occurred in the trading loop: Response status code does not indicate success: 403 (Forbidden).
15:46:05 ET | Polling... | Prediction: Sell
15:46:05 ET | SIGNAL: SELL | Submitting market order for 888 shares.
An error occurred in the trading loop: Response status code does not indicate success: 403 (Forbidden).
15:46:35 ET | Polling... | Prediction: Sell
15:46:35 ET | SIGNAL: SELL | Submitting market order for 888 shares.
An error occurred in the trading loop: Response status code does not indicate success: 403 (Forbidden).
15:47:06 ET | Polling... | Prediction: Sell
15:47:06 ET | SIGNAL: SELL | Submitting market order for 889 shares.
An error occurred in the trading loop: Response status code does not indicate success: 403 (Forbidden).
15:47:37 ET | Polling... | Prediction: Sell
15:47:37 ET | SIGNAL: SELL | Submitting market order for 889 shares.
An error occurred in the trading loop: Response status code does not indicate success: 403 (Forbidden).
15:48:08 ET | Polling... | Prediction: Sell
15:48:08 ET | SIGNAL: SELL | Submitting market order for 889 shares.
An error occurred in the trading loop: Response status code does not indicate success: 403 (Forbidden).
15:48:39 ET | Polling... | Prediction: Sell
15:48:39 ET | SIGNAL: SELL | Submitting market order for 889 shares.
An error occurred in the trading loop: Response status code does not indicate success: 403 (Forbidden).
15:49:10 ET | Polling... | Prediction: Sell
15:49:10 ET | SIGNAL: SELL | Submitting market order for 888 shares.
An error occurred in the trading loop: Response status code does not indicate success: 403 (Forbidden).
15:49:41 ET | Polling... | Prediction: Sell
15:49:41 ET | SIGNAL: SELL | Submitting market order for 888 shares.
An error occurred in the trading loop: Response status code does not indicate success: 403 (Forbidden).
15:50:12 ET | Polling... | Prediction: Sell
15:50:12 ET | SIGNAL: SELL | Submitting market order for 888 shares.
An error occurred in the trading loop: Response status code does not indicate success: 403 (Forbidden).
15:50:43 ET | Polling... | Prediction: Sell
15:50:43 ET | SIGNAL: SELL | Submitting market order for 888 shares.
An error occurred in the trading loop: Response status code does not indicate success: 403 (Forbidden).
15:51:14 ET | Polling... | Prediction: Sell
15:51:14 ET | SIGNAL: SELL | Submitting market order for 887 shares.
An error occurred in the trading loop: Response status code does not indicate success: 403 (Forbidden).
15:51:45 ET | Polling... | Prediction: Sell
15:51:45 ET | SIGNAL: SELL | Submitting market order for 887 shares.
An error occurred in the trading loop: Response status code does not indicate success: 403 (Forbidden).
15:52:16 ET | Polling... | Prediction: Sell
15:52:16 ET | SIGNAL: SELL | Submitting market order for 887 shares.
An error occurred in the trading loop: Response status code does not indicate success: 403 (Forbidden).
15:52:47 ET | Polling... | Prediction: Sell
15:52:47 ET | SIGNAL: SELL | Submitting market order for 887 shares.
An error occurred in the trading loop: Response status code does not indicate success: 403 (Forbidden).
15:53:18 ET | Polling... | Prediction: Sell
15:53:18 ET | SIGNAL: SELL | Submitting market order for 887 shares.
An error occurred in the trading loop: Response status code does not indicate success: 403 (Forbidden).
15:53:48 ET | Polling... | Prediction: Sell
15:53:48 ET | SIGNAL: SELL | Submitting market order for 887 shares.
An error occurred in the trading loop: Response status code does not indicate success: 403 (Forbidden).
15:54:19 ET | Polling... | Prediction: Sell
15:54:19 ET | SIGNAL: SELL | Submitting market order for 887 shares.
An error occurred in the trading loop: Response status code does not indicate success: 403 (Forbidden).
15:54:50 ET | Polling... | Prediction: Sell
15:54:50 ET | SIGNAL: SELL | Submitting market order for 887 shares.
An error occurred in the trading loop: Response status code does not indicate success: 403 (Forbidden).
15:55:21 ET | Polling... | Prediction: Sell
15:55:21 ET | SIGNAL: SELL | Submitting market order for 887 shares.
An error occurred in the trading loop: Response status code does not indicate success: 403 (Forbidden).
15:55:52 ET | Polling... | Prediction: Sell
15:55:52 ET | SIGNAL: SELL | Submitting market order for 887 shares.
An error occurred in the trading loop: Response status code does not indicate success: 403 (Forbidden).
15:56:23 ET | Polling... | Prediction: Buy
15:56:23 ET | SIGNAL: BUY  | Submitting market order for 887 shares.
15:56:54 ET | HOLDING  | Side: Buy , Qty:   887, P/L: ($79.83)
15:57:25 ET | HOLDING  | Side: Buy , Qty:   887, P/L: ($150.79)
15:57:55 ET | HOLDING  | Side: Buy , Qty:   887, P/L: ($26.61)
15:58:26 ET | HOLDING  | Side: Buy , Qty:   887, P/L: ($75.40)
15:58:57 ET | HOLDING  | Side: Buy , Qty:   887, P/L: ($36.37)
Market has closed for the day. Consolidating logs and restarting pre-market wait logic.

Consolidating 1 log file(s) for 2025-09-02...

--- End of trading_log_2025-09-02_09-31-29.log ---
